10:12:39 **** Incremental Build of configuration Keil 8051 v9.53 - Debug for project GE_EFM8LB12F64E-B-QFN32_YJ ****
make all 
PATH=/c/SiliconLabs/SimplicityStudio/v4/developer/toolchains/keil_8051/9.53/BIN:/c/SiliconLabs/SimplicityStudio/v4/support/8051:/bin:/c/SiliconLabs/SimplicityStudio/v4/features/com.silabs.external.java.windows.x86.feature_1.8.0.92/jre/bin/client:/c/SiliconLabs/SimplicityStudio/v4/features/com.silabs.external.java.windows.x86.feature_1.8.0.92/jre/bin:/c/SiliconLabs/SimplicityStudio/v4/features/com.silabs.external.java.windows.x86.feature_1.8.0.92/jre/lib/i386:/c/Python27/Lib/site-packages/PyQt4:/c/Perl/site/bin:/c/Perl/bin:/c/Windows/system32:/c/Windows:/c/Windows/System32/Wbem:/c/Windows/System32/WindowsPowerShell/v1.0/:/c/Program Files/Intel/DMIX:/c/Program Files/ThinkPad/Bluetooth Software/:/c/Program Files/ThinkPad/Bluetooth Software/syswow64:/c/Program Files (x86)/Microchip/xc8/v1.42/bin:/c/Program Files (x86)/IDM Computer Solutions/UltraEdit:/c/Program Files (x86)/Microchip/xc32/v1.44/bin:/c/Program Files (x86)/Microsoft SQL Server/100/Tools/Binn/:/c/Program Files/Microsoft SQL Server/100/Tools/Binn/:/c/Program Files/Microsoft SQL Server/100/DTS/Binn/:/c/Python27:/c/Python27/Scripts:/c/altera/15.0/modelsim_ase/win32aloem:/c/Perl/bin:/c/SiliconLabs/SimplicityStudio/v4
 
Building file: ../src/GE_EFM8LB12F64E-B-QFN32_YJ_main.c
Invoking: Keil 8051 Compiler
C51 "@src/GE_EFM8LB12F64E-B-QFN32_YJ_main.__i" || test $? -lt 2

C51 COMPILER V9.53.0.0 - SN: K1RLC-A07Z5Z
COPYRIGHT Copyright (C) 2012 - 2014 ARM Ltd and ARM Germany GmbH. All rights reserved.
*** WARNING C280 IN LINE 151 OF D:\WorkSpace\MyCode\SILICON_WORKSPACE\GE_EFM8LB12F64E-B-QFN32_YJ\src\GE_EFM8LB12F64E-B-QFN32_YJ_main.c: 'data_count': unreferenced local variable

C51 COMPILATION COMPLETE.  1 WARNING(S),  0 ERROR(S)
Finished building: ../src/GE_EFM8LB12F64E-B-QFN32_YJ_main.c
 
Building target: GE_EFM8LB12F64E-B-QFN32_YJ.omf
Invoking: Keil 8051 Linker
LX51 "@GE_EFM8LB12F64E-B-QFN32_YJ.lnp" || test $? -lt 2

LX51 LINKER/LOCATER V4.66.30.0 - SN: K1RLC-A07Z5Z
COPYRIGHT ARM Germany GmbH 1995 - 2014
@GE_EFM8LB12F64E-B-QFN32_YJ.lnp "./src/GE_EFM8LB12F64E-B-QFN32_YJ_main.OBJ",
"./src/InitDevice.OBJ",
"./src/Interrupts.OBJ",
"./src/SILABS_STARTUP.OBJ",
"./src/uart_1.OBJ"
TO "GE_EFM8LB12F64E-B-QFN32_YJ.OMF.CRBUILD" REMOVEUNUSED PRINT(.\GE_EFM8LB12F64E-B-QFN32_YJ.m51) PAGEWIDTH (120) PAGELENGTH (65) CLASSES( ECODE(C:0x0 - C:0xfbfe), HCONST(C:0x0 - C:0xfbfe), XDATA(X:0x0 - X:0xfff), HDATA(X:0x0 - X:0xfff))

Program Size: data=15.5 xdata=350 const=0 code=3585
LX51 RUN COMPLETE.  0 WARNING(S),  0 ERROR(S)
Finished building target: GE_EFM8LB12F64E-B-QFN32_YJ.omf

10:12:43 Build Finished (took 4s.618ms)

