16:49:14 **** Clean-only build of configuration Keil 8051 v9.53 - Debug for project GE_EFM8LB12F64E-B-QFN32_YJ ****
make clean 
rm -rf  ./src/GE_EFM8LB12F64E-B-QFN32_YJ_main.OBJ ./src/InitDevice.OBJ ./src/Interrupts.OBJ ./src/SILABS_STARTUP.OBJ ./src/uart_1.OBJ  GE_EFM8LB12F64E-B-QFN32_YJ.omf
 
16:49:19 **** Build of configuration Keil 8051 v9.53 - Debug for project GE_EFM8LB12F64E-B-QFN32_YJ ****
make all 
PATH=/c/SiliconLabs/SimplicityStudio/v4/developer/toolchains/keil_8051/9.53/BIN:/c/SiliconLabs/SimplicityStudio/v4/support/8051:/bin:/c/SiliconLabs/SimplicityStudio/v4/features/com.silabs.external.java.windows.x86.feature_1.8.0.92/jre/bin/client:/c/SiliconLabs/SimplicityStudio/v4/features/com.silabs.external.java.windows.x86.feature_1.8.0.92/jre/bin:/c/SiliconLabs/SimplicityStudio/v4/features/com.silabs.external.java.windows.x86.feature_1.8.0.92/jre/lib/i386:/c/Python27/Lib/site-packages/PyQt4:/c/Perl/site/bin:/c/Perl/bin:/c/Windows/system32:/c/Windows:/c/Windows/System32/Wbem:/c/Windows/System32/WindowsPowerShell/v1.0/:/c/Program Files/Intel/DMIX:/c/Program Files/ThinkPad/Bluetooth Software/:/c/Program Files/ThinkPad/Bluetooth Software/syswow64:/c/Program Files (x86)/Microchip/xc8/v1.42/bin:/c/Program Files (x86)/IDM Computer Solutions/UltraEdit:/c/Program Files (x86)/Microchip/xc32/v1.44/bin:/c/Program Files (x86)/Microsoft SQL Server/100/Tools/Binn/:/c/Program Files/Microsoft SQL Server/100/Tools/Binn/:/c/Program Files/Microsoft SQL Server/100/DTS/Binn/:/c/Python27:/c/Python27/Scripts:/c/altera/15.0/modelsim_ase/win32aloem:/c/Perl/bin:/c/SiliconLabs/SimplicityStudio/v4
 
Building file: ../src/GE_EFM8LB12F64E-B-QFN32_YJ_main.c
Invoking: Keil 8051 Compiler
C51 "@src/GE_EFM8LB12F64E-B-QFN32_YJ_main.__i" || test $? -lt 2

C51 COMPILER V9.53.0.0 - SN: K1RLC-A07Z5Z
COPYRIGHT Copyright (C) 2012 - 2014 ARM Ltd and ARM Germany GmbH. All rights reserved.
*** WARNING C280 IN LINE 148 OF D:\WorkSpace\MyCode\SILICON_WORKSPACE\GE_EFM8LB12F64E-B-QFN32_YJ\src\GE_EFM8LB12F64E-B-QFN32_YJ_main.c: 'data_count': unreferenced local variable

C51 COMPILATION COMPLETE.  1 WARNING(S),  0 ERROR(S)
Finished building: ../src/GE_EFM8LB12F64E-B-QFN32_YJ_main.c
 
Building file: ../src/InitDevice.c
Invoking: Keil 8051 Compiler
C51 "@src/InitDevice.__i" || test $? -lt 2

C51 COMPILER V9.53.0.0 - SN: K1RLC-A07Z5Z
COPYRIGHT Copyright (C) 2012 - 2014 ARM Ltd and ARM Germany GmbH. All rights reserved.

C51 COMPILATION COMPLETE.  0 WARNING(S),  0 ERROR(S)
Finished building: ../src/InitDevice.c
 
Building file: ../src/Interrupts.c
Invoking: Keil 8051 Compiler
C51 "@src/Interrupts.__i" || test $? -lt 2

C51 COMPILER V9.53.0.0 - SN: K1RLC-A07Z5Z
COPYRIGHT Copyright (C) 2012 - 2014 ARM Ltd and ARM Germany GmbH. All rights reserved.

C51 COMPILATION COMPLETE.  0 WARNING(S),  0 ERROR(S)
Finished building: ../src/Interrupts.c
 
Building file: ../src/SILABS_STARTUP.A51
Invoking: Keil 8051 Assembler
AX51 "@src/SILABS_STARTUP.__ia" || test $? -lt 2

MACRO ASSEMBLER AX51 V3.12.0.0
COPYRIGHT KEIL ELEKTRONIK GmbH 2000 - 2013
"c:\SiliconLabs\SimplicityStudio\v4\developer\toolchains\keil_8051\9.53\BIN\AX51.exe" "D:\WorkSpace\MyCode\SILICON_WORKSPACE\GE_EFM8LB12F64E-B-QFN32_YJ\src\SILABS_STARTUP.A51" ERRORPRINT SET (LARGE,SILABS_STARTUP=1) DEBUG MACRO NOMOD51 INCDIR(D:\WorkSpace\MyCode\SILICON_WORKSPACE\GE_EFM8LB12F64E-B-QFN32_YJ\inc;C:/SiliconLabs/SimplicityStudio/v4/developer/sdks/8051/v4.1.1//Device/shared/si8051base;C:/SiliconLabs/SimplicityStudio/v4/developer/sdks/8051/v4.1.1//Device/EFM8LB1/inc) PRINT(.\src\SILABS_STARTUP.lst) COND SYMBOLS PAGEWIDTH (120) PAGELENGTH (65) OBJECT(.\src\SILABS_STARTUP.OBJ)


ASSEMBLY COMPLETE.  0 WARNING(S), 0 ERROR(S).

Finished building: ../src/SILABS_STARTUP.A51
 
Building file: ../src/uart_1.c
Invoking: Keil 8051 Compiler
C51 "@src/uart_1.__i" || test $? -lt 2

C51 COMPILER V9.53.0.0 - SN: K1RLC-A07Z5Z
COPYRIGHT Copyright (C) 2012 - 2014 ARM Ltd and ARM Germany GmbH. All rights reserved.

C51 COMPILATION COMPLETE.  0 WARNING(S),  0 ERROR(S)
Finished building: ../src/uart_1.c
 
Building target: GE_EFM8LB12F64E-B-QFN32_YJ.omf
Invoking: Keil 8051 Linker
LX51 "@GE_EFM8LB12F64E-B-QFN32_YJ.lnp" || test $? -lt 2

LX51 LINKER/LOCATER V4.66.30.0 - SN: K1RLC-A07Z5Z
COPYRIGHT ARM Germany GmbH 1995 - 2014
@GE_EFM8LB12F64E-B-QFN32_YJ.lnp "./src/GE_EFM8LB12F64E-B-QFN32_YJ_main.OBJ",
"./src/InitDevice.OBJ",
"./src/Interrupts.OBJ",
"./src/SILABS_STARTUP.OBJ",
"./src/uart_1.OBJ"
TO "GE_EFM8LB12F64E-B-QFN32_YJ.OMF.CRBUILD" REMOVEUNUSED PRINT(.\GE_EFM8LB12F64E-B-QFN32_YJ.m51) PAGEWIDTH (120) PAGELENGTH (65) CLASSES( ECODE(C:0x0 - C:0xfbfe), HCONST(C:0x0 - C:0xfbfe), XDATA(X:0x0 - X:0xfff), HDATA(X:0x0 - X:0xfff))

Program Size: data=15.5 xdata=350 const=0 code=3436
LX51 RUN COMPLETE.  0 WARNING(S),  0 ERROR(S)
Finished building target: GE_EFM8LB12F64E-B-QFN32_YJ.omf
16:50:27 **** Incremental Build of configuration Keil 8051 v9.53 - Debug for project GE_EFM8LB12F64E-B-QFN32_YJ ****
make all 
make: Nothing to be done for `all'.
16:55:38 **** Incremental Build of configuration Keil 8051 v9.53 - Debug for project GE_EFM8LB12F64E-B-QFN32_YJ ****
make all 
PATH=/c/SiliconLabs/SimplicityStudio/v4/developer/toolchains/keil_8051/9.53/BIN:/c/SiliconLabs/SimplicityStudio/v4/support/8051:/bin:/c/SiliconLabs/SimplicityStudio/v4/features/com.silabs.external.java.windows.x86.feature_1.8.0.92/jre/bin/client:/c/SiliconLabs/SimplicityStudio/v4/features/com.silabs.external.java.windows.x86.feature_1.8.0.92/jre/bin:/c/SiliconLabs/SimplicityStudio/v4/features/com.silabs.external.java.windows.x86.feature_1.8.0.92/jre/lib/i386:/c/Python27/Lib/site-packages/PyQt4:/c/Perl/site/bin:/c/Perl/bin:/c/Windows/system32:/c/Windows:/c/Windows/System32/Wbem:/c/Windows/System32/WindowsPowerShell/v1.0/:/c/Program Files/Intel/DMIX:/c/Program Files/ThinkPad/Bluetooth Software/:/c/Program Files/ThinkPad/Bluetooth Software/syswow64:/c/Program Files (x86)/Microchip/xc8/v1.42/bin:/c/Program Files (x86)/IDM Computer Solutions/UltraEdit:/c/Program Files (x86)/Microchip/xc32/v1.44/bin:/c/Program Files (x86)/Microsoft SQL Server/100/Tools/Binn/:/c/Program Files/Microsoft SQL Server/100/Tools/Binn/:/c/Program Files/Microsoft SQL Server/100/DTS/Binn/:/c/Python27:/c/Python27/Scripts:/c/altera/15.0/modelsim_ase/win32aloem:/c/Perl/bin:/c/SiliconLabs/SimplicityStudio/v4
 
Building file: ../src/GE_EFM8LB12F64E-B-QFN32_YJ_main.c
Invoking: Keil 8051 Compiler
C51 "@src/GE_EFM8LB12F64E-B-QFN32_YJ_main.__i" || test $? -lt 2

C51 COMPILER V9.53.0.0 - SN: K1RLC-A07Z5Z
COPYRIGHT Copyright (C) 2012 - 2014 ARM Ltd and ARM Germany GmbH. All rights reserved.
*** WARNING C280 IN LINE 148 OF D:\WorkSpace\MyCode\SILICON_WORKSPACE\GE_EFM8LB12F64E-B-QFN32_YJ\src\GE_EFM8LB12F64E-B-QFN32_YJ_main.c: 'data_count': unreferenced local variable

C51 COMPILATION COMPLETE.  1 WARNING(S),  0 ERROR(S)
Finished building: ../src/GE_EFM8LB12F64E-B-QFN32_YJ_main.c
 
Building target: GE_EFM8LB12F64E-B-QFN32_YJ.omf
Invoking: Keil 8051 Linker
LX51 "@GE_EFM8LB12F64E-B-QFN32_YJ.lnp" || test $? -lt 2

LX51 LINKER/LOCATER V4.66.30.0 - SN: K1RLC-A07Z5Z
COPYRIGHT ARM Germany GmbH 1995 - 2014
@GE_EFM8LB12F64E-B-QFN32_YJ.lnp "./src/GE_EFM8LB12F64E-B-QFN32_YJ_main.OBJ",
"./src/InitDevice.OBJ",
"./src/Interrupts.OBJ",
"./src/SILABS_STARTUP.OBJ",
"./src/uart_1.OBJ"
TO "GE_EFM8LB12F64E-B-QFN32_YJ.OMF.CRBUILD" REMOVEUNUSED PRINT(.\GE_EFM8LB12F64E-B-QFN32_YJ.m51) PAGEWIDTH (120) PAGELENGTH (65) CLASSES( ECODE(C:0x0 - C:0xfbfe), HCONST(C:0x0 - C:0xfbfe), XDATA(X:0x0 - X:0xfff), HDATA(X:0x0 - X:0xfff))

Program Size: data=15.5 xdata=350 const=0 code=3434
LX51 RUN COMPLETE.  0 WARNING(S),  0 ERROR(S)
Finished building target: GE_EFM8LB12F64E-B-QFN32_YJ.omf
17:01:20 **** Incremental Build of configuration Keil 8051 v9.53 - Debug for project GE_EFM8LB12F64E-B-QFN32_YJ ****
make all 
PATH=/c/SiliconLabs/SimplicityStudio/v4/developer/toolchains/keil_8051/9.53/BIN:/c/SiliconLabs/SimplicityStudio/v4/support/8051:/bin:/c/SiliconLabs/SimplicityStudio/v4/features/com.silabs.external.java.windows.x86.feature_1.8.0.92/jre/bin/client:/c/SiliconLabs/SimplicityStudio/v4/features/com.silabs.external.java.windows.x86.feature_1.8.0.92/jre/bin:/c/SiliconLabs/SimplicityStudio/v4/features/com.silabs.external.java.windows.x86.feature_1.8.0.92/jre/lib/i386:/c/Python27/Lib/site-packages/PyQt4:/c/Perl/site/bin:/c/Perl/bin:/c/Windows/system32:/c/Windows:/c/Windows/System32/Wbem:/c/Windows/System32/WindowsPowerShell/v1.0/:/c/Program Files/Intel/DMIX:/c/Program Files/ThinkPad/Bluetooth Software/:/c/Program Files/ThinkPad/Bluetooth Software/syswow64:/c/Program Files (x86)/Microchip/xc8/v1.42/bin:/c/Program Files (x86)/IDM Computer Solutions/UltraEdit:/c/Program Files (x86)/Microchip/xc32/v1.44/bin:/c/Program Files (x86)/Microsoft SQL Server/100/Tools/Binn/:/c/Program Files/Microsoft SQL Server/100/Tools/Binn/:/c/Program Files/Microsoft SQL Server/100/DTS/Binn/:/c/Python27:/c/Python27/Scripts:/c/altera/15.0/modelsim_ase/win32aloem:/c/Perl/bin:/c/SiliconLabs/SimplicityStudio/v4
 
Building file: ../src/Interrupts.c
Invoking: Keil 8051 Compiler
C51 "@src/Interrupts.__i" || test $? -lt 2

C51 COMPILER V9.53.0.0 - SN: K1RLC-A07Z5Z
COPYRIGHT Copyright (C) 2012 - 2014 ARM Ltd and ARM Germany GmbH. All rights reserved.

C51 COMPILATION COMPLETE.  0 WARNING(S),  0 ERROR(S)
Finished building: ../src/Interrupts.c
 
Building target: GE_EFM8LB12F64E-B-QFN32_YJ.omf
Invoking: Keil 8051 Linker
LX51 "@GE_EFM8LB12F64E-B-QFN32_YJ.lnp" || test $? -lt 2

LX51 LINKER/LOCATER V4.66.30.0 - SN: K1RLC-A07Z5Z
COPYRIGHT ARM Germany GmbH 1995 - 2014
@GE_EFM8LB12F64E-B-QFN32_YJ.lnp "./src/GE_EFM8LB12F64E-B-QFN32_YJ_main.OBJ",
"./src/InitDevice.OBJ",
"./src/Interrupts.OBJ",
"./src/SILABS_STARTUP.OBJ",
"./src/uart_1.OBJ"
TO "GE_EFM8LB12F64E-B-QFN32_YJ.OMF.CRBUILD" REMOVEUNUSED PRINT(.\GE_EFM8LB12F64E-B-QFN32_YJ.m51) PAGEWIDTH (120) PAGELENGTH (65) CLASSES( ECODE(C:0x0 - C:0xfbfe), HCONST(C:0x0 - C:0xfbfe), XDATA(X:0x0 - X:0xfff), HDATA(X:0x0 - X:0xfff))

Program Size: data=15.5 xdata=350 const=0 code=3442
LX51 RUN COMPLETE.  0 WARNING(S),  0 ERROR(S)
Finished building target: GE_EFM8LB12F64E-B-QFN32_YJ.omf
17:01:56 **** Incremental Build of configuration Keil 8051 v9.53 - Debug for project GE_EFM8LB12F64E-B-QFN32_YJ ****
make all 
make: Nothing to be done for `all'.
17:02:51 **** Incremental Build of configuration Keil 8051 v9.53 - Debug for project GE_EFM8LB12F64E-B-QFN32_YJ ****
make all 
PATH=/c/SiliconLabs/SimplicityStudio/v4/developer/toolchains/keil_8051/9.53/BIN:/c/SiliconLabs/SimplicityStudio/v4/support/8051:/bin:/c/SiliconLabs/SimplicityStudio/v4/features/com.silabs.external.java.windows.x86.feature_1.8.0.92/jre/bin/client:/c/SiliconLabs/SimplicityStudio/v4/features/com.silabs.external.java.windows.x86.feature_1.8.0.92/jre/bin:/c/SiliconLabs/SimplicityStudio/v4/features/com.silabs.external.java.windows.x86.feature_1.8.0.92/jre/lib/i386:/c/Python27/Lib/site-packages/PyQt4:/c/Perl/site/bin:/c/Perl/bin:/c/Windows/system32:/c/Windows:/c/Windows/System32/Wbem:/c/Windows/System32/WindowsPowerShell/v1.0/:/c/Program Files/Intel/DMIX:/c/Program Files/ThinkPad/Bluetooth Software/:/c/Program Files/ThinkPad/Bluetooth Software/syswow64:/c/Program Files (x86)/Microchip/xc8/v1.42/bin:/c/Program Files (x86)/IDM Computer Solutions/UltraEdit:/c/Program Files (x86)/Microchip/xc32/v1.44/bin:/c/Program Files (x86)/Microsoft SQL Server/100/Tools/Binn/:/c/Program Files/Microsoft SQL Server/100/Tools/Binn/:/c/Program Files/Microsoft SQL Server/100/DTS/Binn/:/c/Python27:/c/Python27/Scripts:/c/altera/15.0/modelsim_ase/win32aloem:/c/Perl/bin:/c/SiliconLabs/SimplicityStudio/v4
 
Building file: ../src/GE_EFM8LB12F64E-B-QFN32_YJ_main.c
Invoking: Keil 8051 Compiler
C51 "@src/GE_EFM8LB12F64E-B-QFN32_YJ_main.__i" || test $? -lt 2

C51 COMPILER V9.53.0.0 - SN: K1RLC-A07Z5Z
COPYRIGHT Copyright (C) 2012 - 2014 ARM Ltd and ARM Germany GmbH. All rights reserved.
*** WARNING C280 IN LINE 148 OF D:\WorkSpace\MyCode\SILICON_WORKSPACE\GE_EFM8LB12F64E-B-QFN32_YJ\src\GE_EFM8LB12F64E-B-QFN32_YJ_main.c: 'data_count': unreferenced local variable

C51 COMPILATION COMPLETE.  1 WARNING(S),  0 ERROR(S)
Finished building: ../src/GE_EFM8LB12F64E-B-QFN32_YJ_main.c
 
Building target: GE_EFM8LB12F64E-B-QFN32_YJ.omf
Invoking: Keil 8051 Linker
LX51 "@GE_EFM8LB12F64E-B-QFN32_YJ.lnp" || test $? -lt 2

LX51 LINKER/LOCATER V4.66.30.0 - SN: K1RLC-A07Z5Z
COPYRIGHT ARM Germany GmbH 1995 - 2014
@GE_EFM8LB12F64E-B-QFN32_YJ.lnp "./src/GE_EFM8LB12F64E-B-QFN32_YJ_main.OBJ",
"./src/InitDevice.OBJ",
"./src/Interrupts.OBJ",
"./src/SILABS_STARTUP.OBJ",
"./src/uart_1.OBJ"
TO "GE_EFM8LB12F64E-B-QFN32_YJ.OMF.CRBUILD" REMOVEUNUSED PRINT(.\GE_EFM8LB12F64E-B-QFN32_YJ.m51) PAGEWIDTH (120) PAGELENGTH (65) CLASSES( ECODE(C:0x0 - C:0xfbfe), HCONST(C:0x0 - C:0xfbfe), XDATA(X:0x0 - X:0xfff), HDATA(X:0x0 - X:0xfff))

Program Size: data=15.5 xdata=350 const=0 code=3453
LX51 RUN COMPLETE.  0 WARNING(S),  0 ERROR(S)
Finished building target: GE_EFM8LB12F64E-B-QFN32_YJ.omf
17:04:01 **** Incremental Build of configuration Keil 8051 v9.53 - Debug for project GE_EFM8LB12F64E-B-QFN32_YJ ****
make all 
make: Nothing to be done for `all'.
17:06:39 **** Incremental Build of configuration Keil 8051 v9.53 - Debug for project GE_EFM8LB12F64E-B-QFN32_YJ ****
make all 
PATH=/c/SiliconLabs/SimplicityStudio/v4/developer/toolchains/keil_8051/9.53/BIN:/c/SiliconLabs/SimplicityStudio/v4/support/8051:/bin:/c/SiliconLabs/SimplicityStudio/v4/features/com.silabs.external.java.windows.x86.feature_1.8.0.92/jre/bin/client:/c/SiliconLabs/SimplicityStudio/v4/features/com.silabs.external.java.windows.x86.feature_1.8.0.92/jre/bin:/c/SiliconLabs/SimplicityStudio/v4/features/com.silabs.external.java.windows.x86.feature_1.8.0.92/jre/lib/i386:/c/Python27/Lib/site-packages/PyQt4:/c/Perl/site/bin:/c/Perl/bin:/c/Windows/system32:/c/Windows:/c/Windows/System32/Wbem:/c/Windows/System32/WindowsPowerShell/v1.0/:/c/Program Files/Intel/DMIX:/c/Program Files/ThinkPad/Bluetooth Software/:/c/Program Files/ThinkPad/Bluetooth Software/syswow64:/c/Program Files (x86)/Microchip/xc8/v1.42/bin:/c/Program Files (x86)/IDM Computer Solutions/UltraEdit:/c/Program Files (x86)/Microchip/xc32/v1.44/bin:/c/Program Files (x86)/Microsoft SQL Server/100/Tools/Binn/:/c/Program Files/Microsoft SQL Server/100/Tools/Binn/:/c/Program Files/Microsoft SQL Server/100/DTS/Binn/:/c/Python27:/c/Python27/Scripts:/c/altera/15.0/modelsim_ase/win32aloem:/c/Perl/bin:/c/SiliconLabs/SimplicityStudio/v4
 
Building file: ../src/GE_EFM8LB12F64E-B-QFN32_YJ_main.c
Invoking: Keil 8051 Compiler
C51 "@src/GE_EFM8LB12F64E-B-QFN32_YJ_main.__i" || test $? -lt 2

C51 COMPILER V9.53.0.0 - SN: K1RLC-A07Z5Z
COPYRIGHT Copyright (C) 2012 - 2014 ARM Ltd and ARM Germany GmbH. All rights reserved.
*** WARNING C280 IN LINE 149 OF D:\WorkSpace\MyCode\SILICON_WORKSPACE\GE_EFM8LB12F64E-B-QFN32_YJ\src\GE_EFM8LB12F64E-B-QFN32_YJ_main.c: 'data_count': unreferenced local variable

C51 COMPILATION COMPLETE.  1 WARNING(S),  0 ERROR(S)
Finished building: ../src/GE_EFM8LB12F64E-B-QFN32_YJ_main.c
 
Building target: GE_EFM8LB12F64E-B-QFN32_YJ.omf
Invoking: Keil 8051 Linker
LX51 "@GE_EFM8LB12F64E-B-QFN32_YJ.lnp" || test $? -lt 2

LX51 LINKER/LOCATER V4.66.30.0 - SN: K1RLC-A07Z5Z
COPYRIGHT ARM Germany GmbH 1995 - 2014
@GE_EFM8LB12F64E-B-QFN32_YJ.lnp "./src/GE_EFM8LB12F64E-B-QFN32_YJ_main.OBJ",
"./src/InitDevice.OBJ",
"./src/Interrupts.OBJ",
"./src/SILABS_STARTUP.OBJ",
"./src/uart_1.OBJ"
TO "GE_EFM8LB12F64E-B-QFN32_YJ.OMF.CRBUILD" REMOVEUNUSED PRINT(.\GE_EFM8LB12F64E-B-QFN32_YJ.m51) PAGEWIDTH (120) PAGELENGTH (65) CLASSES( ECODE(C:0x0 - C:0xfbfe), HCONST(C:0x0 - C:0xfbfe), XDATA(X:0x0 - X:0xfff), HDATA(X:0x0 - X:0xfff))

Program Size: data=15.5 xdata=350 const=0 code=3466
LX51 RUN COMPLETE.  0 WARNING(S),  0 ERROR(S)
Finished building target: GE_EFM8LB12F64E-B-QFN32_YJ.omf
17:10:45 **** Incremental Build of configuration Keil 8051 v9.53 - Debug for project GE_EFM8LB12F64E-B-QFN32_YJ ****
make all 
PATH=/c/SiliconLabs/SimplicityStudio/v4/developer/toolchains/keil_8051/9.53/BIN:/c/SiliconLabs/SimplicityStudio/v4/support/8051:/bin:/c/SiliconLabs/SimplicityStudio/v4/features/com.silabs.external.java.windows.x86.feature_1.8.0.92/jre/bin/client:/c/SiliconLabs/SimplicityStudio/v4/features/com.silabs.external.java.windows.x86.feature_1.8.0.92/jre/bin:/c/SiliconLabs/SimplicityStudio/v4/features/com.silabs.external.java.windows.x86.feature_1.8.0.92/jre/lib/i386:/c/Python27/Lib/site-packages/PyQt4:/c/Perl/site/bin:/c/Perl/bin:/c/Windows/system32:/c/Windows:/c/Windows/System32/Wbem:/c/Windows/System32/WindowsPowerShell/v1.0/:/c/Program Files/Intel/DMIX:/c/Program Files/ThinkPad/Bluetooth Software/:/c/Program Files/ThinkPad/Bluetooth Software/syswow64:/c/Program Files (x86)/Microchip/xc8/v1.42/bin:/c/Program Files (x86)/IDM Computer Solutions/UltraEdit:/c/Program Files (x86)/Microchip/xc32/v1.44/bin:/c/Program Files (x86)/Microsoft SQL Server/100/Tools/Binn/:/c/Program Files/Microsoft SQL Server/100/Tools/Binn/:/c/Program Files/Microsoft SQL Server/100/DTS/Binn/:/c/Python27:/c/Python27/Scripts:/c/altera/15.0/modelsim_ase/win32aloem:/c/Perl/bin:/c/SiliconLabs/SimplicityStudio/v4
 
Building file: ../src/GE_EFM8LB12F64E-B-QFN32_YJ_main.c
Invoking: Keil 8051 Compiler
C51 "@src/GE_EFM8LB12F64E-B-QFN32_YJ_main.__i" || test $? -lt 2

C51 COMPILER V9.53.0.0 - SN: K1RLC-A07Z5Z
COPYRIGHT Copyright (C) 2012 - 2014 ARM Ltd and ARM Germany GmbH. All rights reserved.
*** WARNING C280 IN LINE 149 OF D:\WorkSpace\MyCode\SILICON_WORKSPACE\GE_EFM8LB12F64E-B-QFN32_YJ\src\GE_EFM8LB12F64E-B-QFN32_YJ_main.c: 'data_count': unreferenced local variable

C51 COMPILATION COMPLETE.  1 WARNING(S),  0 ERROR(S)
Finished building: ../src/GE_EFM8LB12F64E-B-QFN32_YJ_main.c
 
Building target: GE_EFM8LB12F64E-B-QFN32_YJ.omf
Invoking: Keil 8051 Linker
LX51 "@GE_EFM8LB12F64E-B-QFN32_YJ.lnp" || test $? -lt 2

LX51 LINKER/LOCATER V4.66.30.0 - SN: K1RLC-A07Z5Z
COPYRIGHT ARM Germany GmbH 1995 - 2014
@GE_EFM8LB12F64E-B-QFN32_YJ.lnp "./src/GE_EFM8LB12F64E-B-QFN32_YJ_main.OBJ",
"./src/InitDevice.OBJ",
"./src/Interrupts.OBJ",
"./src/SILABS_STARTUP.OBJ",
"./src/uart_1.OBJ"
TO "GE_EFM8LB12F64E-B-QFN32_YJ.OMF.CRBUILD" REMOVEUNUSED PRINT(.\GE_EFM8LB12F64E-B-QFN32_YJ.m51) PAGEWIDTH (120) PAGELENGTH (65) CLASSES( ECODE(C:0x0 - C:0xfbfe), HCONST(C:0x0 - C:0xfbfe), XDATA(X:0x0 - X:0xfff), HDATA(X:0x0 - X:0xfff))

Program Size: data=15.5 xdata=350 const=0 code=3442
LX51 RUN COMPLETE.  0 WARNING(S),  0 ERROR(S)
Finished building target: GE_EFM8LB12F64E-B-QFN32_YJ.omf
17:11:16 **** Incremental Build of configuration Keil 8051 v9.53 - Debug for project GE_EFM8LB12F64E-B-QFN32_YJ ****
make all 
make: Nothing to be done for `all'.
17:12:30 **** Incremental Build of configuration Keil 8051 v9.53 - Debug for project GE_EFM8LB12F64E-B-QFN32_YJ ****
make all 
PATH=/c/SiliconLabs/SimplicityStudio/v4/developer/toolchains/keil_8051/9.53/BIN:/c/SiliconLabs/SimplicityStudio/v4/support/8051:/bin:/c/SiliconLabs/SimplicityStudio/v4/features/com.silabs.external.java.windows.x86.feature_1.8.0.92/jre/bin/client:/c/SiliconLabs/SimplicityStudio/v4/features/com.silabs.external.java.windows.x86.feature_1.8.0.92/jre/bin:/c/SiliconLabs/SimplicityStudio/v4/features/com.silabs.external.java.windows.x86.feature_1.8.0.92/jre/lib/i386:/c/Python27/Lib/site-packages/PyQt4:/c/Perl/site/bin:/c/Perl/bin:/c/Windows/system32:/c/Windows:/c/Windows/System32/Wbem:/c/Windows/System32/WindowsPowerShell/v1.0/:/c/Program Files/Intel/DMIX:/c/Program Files/ThinkPad/Bluetooth Software/:/c/Program Files/ThinkPad/Bluetooth Software/syswow64:/c/Program Files (x86)/Microchip/xc8/v1.42/bin:/c/Program Files (x86)/IDM Computer Solutions/UltraEdit:/c/Program Files (x86)/Microchip/xc32/v1.44/bin:/c/Program Files (x86)/Microsoft SQL Server/100/Tools/Binn/:/c/Program Files/Microsoft SQL Server/100/Tools/Binn/:/c/Program Files/Microsoft SQL Server/100/DTS/Binn/:/c/Python27:/c/Python27/Scripts:/c/altera/15.0/modelsim_ase/win32aloem:/c/Perl/bin:/c/SiliconLabs/SimplicityStudio/v4
 
Building file: ../src/InitDevice.c
Invoking: Keil 8051 Compiler
C51 "@src/InitDevice.__i" || test $? -lt 2

C51 COMPILER V9.53.0.0 - SN: K1RLC-A07Z5Z
COPYRIGHT Copyright (C) 2012 - 2014 ARM Ltd and ARM Germany GmbH. All rights reserved.

C51 COMPILATION COMPLETE.  0 WARNING(S),  0 ERROR(S)
Finished building: ../src/InitDevice.c
 
Building target: GE_EFM8LB12F64E-B-QFN32_YJ.omf
Invoking: Keil 8051 Linker
LX51 "@GE_EFM8LB12F64E-B-QFN32_YJ.lnp" || test $? -lt 2

LX51 LINKER/LOCATER V4.66.30.0 - SN: K1RLC-A07Z5Z
COPYRIGHT ARM Germany GmbH 1995 - 2014
@GE_EFM8LB12F64E-B-QFN32_YJ.lnp "./src/GE_EFM8LB12F64E-B-QFN32_YJ_main.OBJ",
"./src/InitDevice.OBJ",
"./src/Interrupts.OBJ",
"./src/SILABS_STARTUP.OBJ",
"./src/uart_1.OBJ"
TO "GE_EFM8LB12F64E-B-QFN32_YJ.OMF.CRBUILD" REMOVEUNUSED PRINT(.\GE_EFM8LB12F64E-B-QFN32_YJ.m51) PAGEWIDTH (120) PAGELENGTH (65) CLASSES( ECODE(C:0x0 - C:0xfbfe), HCONST(C:0x0 - C:0xfbfe), XDATA(X:0x0 - X:0xfff), HDATA(X:0x0 - X:0xfff))

Program Size: data=15.5 xdata=350 const=0 code=3423
LX51 RUN COMPLETE.  0 WARNING(S),  0 ERROR(S)
Finished building target: GE_EFM8LB12F64E-B-QFN32_YJ.omf
17:13:18 **** Incremental Build of configuration Keil 8051 v9.53 - Debug for project GE_EFM8LB12F64E-B-QFN32_YJ ****
make all 
PATH=/c/SiliconLabs/SimplicityStudio/v4/developer/toolchains/keil_8051/9.53/BIN:/c/SiliconLabs/SimplicityStudio/v4/support/8051:/bin:/c/SiliconLabs/SimplicityStudio/v4/features/com.silabs.external.java.windows.x86.feature_1.8.0.92/jre/bin/client:/c/SiliconLabs/SimplicityStudio/v4/features/com.silabs.external.java.windows.x86.feature_1.8.0.92/jre/bin:/c/SiliconLabs/SimplicityStudio/v4/features/com.silabs.external.java.windows.x86.feature_1.8.0.92/jre/lib/i386:/c/Python27/Lib/site-packages/PyQt4:/c/Perl/site/bin:/c/Perl/bin:/c/Windows/system32:/c/Windows:/c/Windows/System32/Wbem:/c/Windows/System32/WindowsPowerShell/v1.0/:/c/Program Files/Intel/DMIX:/c/Program Files/ThinkPad/Bluetooth Software/:/c/Program Files/ThinkPad/Bluetooth Software/syswow64:/c/Program Files (x86)/Microchip/xc8/v1.42/bin:/c/Program Files (x86)/IDM Computer Solutions/UltraEdit:/c/Program Files (x86)/Microchip/xc32/v1.44/bin:/c/Program Files (x86)/Microsoft SQL Server/100/Tools/Binn/:/c/Program Files/Microsoft SQL Server/100/Tools/Binn/:/c/Program Files/Microsoft SQL Server/100/DTS/Binn/:/c/Python27:/c/Python27/Scripts:/c/altera/15.0/modelsim_ase/win32aloem:/c/Perl/bin:/c/SiliconLabs/SimplicityStudio/v4
 
Building file: ../src/InitDevice.c
Invoking: Keil 8051 Compiler
C51 "@src/InitDevice.__i" || test $? -lt 2

C51 COMPILER V9.53.0.0 - SN: K1RLC-A07Z5Z
COPYRIGHT Copyright (C) 2012 - 2014 ARM Ltd and ARM Germany GmbH. All rights reserved.

C51 COMPILATION COMPLETE.  0 WARNING(S),  0 ERROR(S)
Finished building: ../src/InitDevice.c
 
Building target: GE_EFM8LB12F64E-B-QFN32_YJ.omf
Invoking: Keil 8051 Linker
LX51 "@GE_EFM8LB12F64E-B-QFN32_YJ.lnp" || test $? -lt 2

LX51 LINKER/LOCATER V4.66.30.0 - SN: K1RLC-A07Z5Z
COPYRIGHT ARM Germany GmbH 1995 - 2014
@GE_EFM8LB12F64E-B-QFN32_YJ.lnp "./src/GE_EFM8LB12F64E-B-QFN32_YJ_main.OBJ",
"./src/InitDevice.OBJ",
"./src/Interrupts.OBJ",
"./src/SILABS_STARTUP.OBJ",
"./src/uart_1.OBJ"
TO "GE_EFM8LB12F64E-B-QFN32_YJ.OMF.CRBUILD" REMOVEUNUSED PRINT(.\GE_EFM8LB12F64E-B-QFN32_YJ.m51) PAGEWIDTH (120) PAGELENGTH (65) CLASSES( ECODE(C:0x0 - C:0xfbfe), HCONST(C:0x0 - C:0xfbfe), XDATA(X:0x0 - X:0xfff), HDATA(X:0x0 - X:0xfff))

Program Size: data=15.5 xdata=350 const=0 code=3442
LX51 RUN COMPLETE.  0 WARNING(S),  0 ERROR(S)
Finished building target: GE_EFM8LB12F64E-B-QFN32_YJ.omf
17:14:22 **** Incremental Build of configuration Keil 8051 v9.53 - Debug for project GE_EFM8LB12F64E-B-QFN32_YJ ****
make all 
PATH=/c/SiliconLabs/SimplicityStudio/v4/developer/toolchains/keil_8051/9.53/BIN:/c/SiliconLabs/SimplicityStudio/v4/support/8051:/bin:/c/SiliconLabs/SimplicityStudio/v4/features/com.silabs.external.java.windows.x86.feature_1.8.0.92/jre/bin/client:/c/SiliconLabs/SimplicityStudio/v4/features/com.silabs.external.java.windows.x86.feature_1.8.0.92/jre/bin:/c/SiliconLabs/SimplicityStudio/v4/features/com.silabs.external.java.windows.x86.feature_1.8.0.92/jre/lib/i386:/c/Python27/Lib/site-packages/PyQt4:/c/Perl/site/bin:/c/Perl/bin:/c/Windows/system32:/c/Windows:/c/Windows/System32/Wbem:/c/Windows/System32/WindowsPowerShell/v1.0/:/c/Program Files/Intel/DMIX:/c/Program Files/ThinkPad/Bluetooth Software/:/c/Program Files/ThinkPad/Bluetooth Software/syswow64:/c/Program Files (x86)/Microchip/xc8/v1.42/bin:/c/Program Files (x86)/IDM Computer Solutions/UltraEdit:/c/Program Files (x86)/Microchip/xc32/v1.44/bin:/c/Program Files (x86)/Microsoft SQL Server/100/Tools/Binn/:/c/Program Files/Microsoft SQL Server/100/Tools/Binn/:/c/Program Files/Microsoft SQL Server/100/DTS/Binn/:/c/Python27:/c/Python27/Scripts:/c/altera/15.0/modelsim_ase/win32aloem:/c/Perl/bin:/c/SiliconLabs/SimplicityStudio/v4
 
Building file: ../src/GE_EFM8LB12F64E-B-QFN32_YJ_main.c
Invoking: Keil 8051 Compiler
C51 "@src/GE_EFM8LB12F64E-B-QFN32_YJ_main.__i" || test $? -lt 2

C51 COMPILER V9.53.0.0 - SN: K1RLC-A07Z5Z
COPYRIGHT Copyright (C) 2012 - 2014 ARM Ltd and ARM Germany GmbH. All rights reserved.
*** WARNING C280 IN LINE 149 OF D:\WorkSpace\MyCode\SILICON_WORKSPACE\GE_EFM8LB12F64E-B-QFN32_YJ\src\GE_EFM8LB12F64E-B-QFN32_YJ_main.c: 'data_count': unreferenced local variable

C51 COMPILATION COMPLETE.  1 WARNING(S),  0 ERROR(S)
Finished building: ../src/GE_EFM8LB12F64E-B-QFN32_YJ_main.c
 
Building target: GE_EFM8LB12F64E-B-QFN32_YJ.omf
Invoking: Keil 8051 Linker
LX51 "@GE_EFM8LB12F64E-B-QFN32_YJ.lnp" || test $? -lt 2

LX51 LINKER/LOCATER V4.66.30.0 - SN: K1RLC-A07Z5Z
COPYRIGHT ARM Germany GmbH 1995 - 2014
@GE_EFM8LB12F64E-B-QFN32_YJ.lnp "./src/GE_EFM8LB12F64E-B-QFN32_YJ_main.OBJ",
"./src/InitDevice.OBJ",
"./src/Interrupts.OBJ",
"./src/SILABS_STARTUP.OBJ",
"./src/uart_1.OBJ"
TO "GE_EFM8LB12F64E-B-QFN32_YJ.OMF.CRBUILD" REMOVEUNUSED PRINT(.\GE_EFM8LB12F64E-B-QFN32_YJ.m51) PAGEWIDTH (120) PAGELENGTH (65) CLASSES( ECODE(C:0x0 - C:0xfbfe), HCONST(C:0x0 - C:0xfbfe), XDATA(X:0x0 - X:0xfff), HDATA(X:0x0 - X:0xfff))

Program Size: data=15.5 xdata=350 const=0 code=3448
LX51 RUN COMPLETE.  0 WARNING(S),  0 ERROR(S)
Finished building target: GE_EFM8LB12F64E-B-QFN32_YJ.omf
17:17:53 **** Incremental Build of configuration Keil 8051 v9.53 - Debug for project GE_EFM8LB12F64E-B-QFN32_YJ ****
make all 
PATH=/c/SiliconLabs/SimplicityStudio/v4/developer/toolchains/keil_8051/9.53/BIN:/c/SiliconLabs/SimplicityStudio/v4/support/8051:/bin:/c/SiliconLabs/SimplicityStudio/v4/features/com.silabs.external.java.windows.x86.feature_1.8.0.92/jre/bin/client:/c/SiliconLabs/SimplicityStudio/v4/features/com.silabs.external.java.windows.x86.feature_1.8.0.92/jre/bin:/c/SiliconLabs/SimplicityStudio/v4/features/com.silabs.external.java.windows.x86.feature_1.8.0.92/jre/lib/i386:/c/Python27/Lib/site-packages/PyQt4:/c/Perl/site/bin:/c/Perl/bin:/c/Windows/system32:/c/Windows:/c/Windows/System32/Wbem:/c/Windows/System32/WindowsPowerShell/v1.0/:/c/Program Files/Intel/DMIX:/c/Program Files/ThinkPad/Bluetooth Software/:/c/Program Files/ThinkPad/Bluetooth Software/syswow64:/c/Program Files (x86)/Microchip/xc8/v1.42/bin:/c/Program Files (x86)/IDM Computer Solutions/UltraEdit:/c/Program Files (x86)/Microchip/xc32/v1.44/bin:/c/Program Files (x86)/Microsoft SQL Server/100/Tools/Binn/:/c/Program Files/Microsoft SQL Server/100/Tools/Binn/:/c/Program Files/Microsoft SQL Server/100/DTS/Binn/:/c/Python27:/c/Python27/Scripts:/c/altera/15.0/modelsim_ase/win32aloem:/c/Perl/bin:/c/SiliconLabs/SimplicityStudio/v4
 
Building file: ../src/GE_EFM8LB12F64E-B-QFN32_YJ_main.c
Invoking: Keil 8051 Compiler
C51 "@src/GE_EFM8LB12F64E-B-QFN32_YJ_main.__i" || test $? -lt 2

C51 COMPILER V9.53.0.0 - SN: K1RLC-A07Z5Z
COPYRIGHT Copyright (C) 2012 - 2014 ARM Ltd and ARM Germany GmbH. All rights reserved.
*** WARNING C280 IN LINE 150 OF D:\WorkSpace\MyCode\SILICON_WORKSPACE\GE_EFM8LB12F64E-B-QFN32_YJ\src\GE_EFM8LB12F64E-B-QFN32_YJ_main.c: 'data_count': unreferenced local variable

C51 COMPILATION COMPLETE.  1 WARNING(S),  0 ERROR(S)
Finished building: ../src/GE_EFM8LB12F64E-B-QFN32_YJ_main.c
 
Building target: GE_EFM8LB12F64E-B-QFN32_YJ.omf
Invoking: Keil 8051 Linker
LX51 "@GE_EFM8LB12F64E-B-QFN32_YJ.lnp" || test $? -lt 2

LX51 LINKER/LOCATER V4.66.30.0 - SN: K1RLC-A07Z5Z
COPYRIGHT ARM Germany GmbH 1995 - 2014
@GE_EFM8LB12F64E-B-QFN32_YJ.lnp "./src/GE_EFM8LB12F64E-B-QFN32_YJ_main.OBJ",
"./src/InitDevice.OBJ",
"./src/Interrupts.OBJ",
"./src/SILABS_STARTUP.OBJ",
"./src/uart_1.OBJ"
TO "GE_EFM8LB12F64E-B-QFN32_YJ.OMF.CRBUILD" REMOVEUNUSED PRINT(.\GE_EFM8LB12F64E-B-QFN32_YJ.m51) PAGEWIDTH (120) PAGELENGTH (65) CLASSES( ECODE(C:0x0 - C:0xfbfe), HCONST(C:0x0 - C:0xfbfe), XDATA(X:0x0 - X:0xfff), HDATA(X:0x0 - X:0xfff))

Program Size: data=15.5 xdata=350 const=0 code=3448
LX51 RUN COMPLETE.  0 WARNING(S),  0 ERROR(S)
Finished building target: GE_EFM8LB12F64E-B-QFN32_YJ.omf
17:19:16 **** Incremental Build of configuration Keil 8051 v9.53 - Debug for project GE_EFM8LB12F64E-B-QFN32_YJ ****
make all 
make: Nothing to be done for `all'.
17:20:50 **** Incremental Build of configuration Keil 8051 v9.53 - Debug for project GE_EFM8LB12F64E-B-QFN32_YJ ****
make all 
make: Nothing to be done for `all'.
17:24:54 **** Incremental Build of configuration Keil 8051 v9.53 - Debug for project GE_EFM8LB12F64E-B-QFN32_YJ ****
make all 
make: Nothing to be done for `all'.
17:27:45 **** Incremental Build of configuration Keil 8051 v9.53 - Debug for project GE_EFM8LB12F64E-B-QFN32_YJ ****
make all 
PATH=/c/SiliconLabs/SimplicityStudio/v4/developer/toolchains/keil_8051/9.53/BIN:/c/SiliconLabs/SimplicityStudio/v4/support/8051:/bin:/c/SiliconLabs/SimplicityStudio/v4/features/com.silabs.external.java.windows.x86.feature_1.8.0.92/jre/bin/client:/c/SiliconLabs/SimplicityStudio/v4/features/com.silabs.external.java.windows.x86.feature_1.8.0.92/jre/bin:/c/SiliconLabs/SimplicityStudio/v4/features/com.silabs.external.java.windows.x86.feature_1.8.0.92/jre/lib/i386:/c/Python27/Lib/site-packages/PyQt4:/c/Perl/site/bin:/c/Perl/bin:/c/Windows/system32:/c/Windows:/c/Windows/System32/Wbem:/c/Windows/System32/WindowsPowerShell/v1.0/:/c/Program Files/Intel/DMIX:/c/Program Files/ThinkPad/Bluetooth Software/:/c/Program Files/ThinkPad/Bluetooth Software/syswow64:/c/Program Files (x86)/Microchip/xc8/v1.42/bin:/c/Program Files (x86)/IDM Computer Solutions/UltraEdit:/c/Program Files (x86)/Microchip/xc32/v1.44/bin:/c/Program Files (x86)/Microsoft SQL Server/100/Tools/Binn/:/c/Program Files/Microsoft SQL Server/100/Tools/Binn/:/c/Program Files/Microsoft SQL Server/100/DTS/Binn/:/c/Python27:/c/Python27/Scripts:/c/altera/15.0/modelsim_ase/win32aloem:/c/Perl/bin:/c/SiliconLabs/SimplicityStudio/v4
 
Building file: ../src/GE_EFM8LB12F64E-B-QFN32_YJ_main.c
Invoking: Keil 8051 Compiler
C51 "@src/GE_EFM8LB12F64E-B-QFN32_YJ_main.__i" || test $? -lt 2

C51 COMPILER V9.53.0.0 - SN: K1RLC-A07Z5Z
COPYRIGHT Copyright (C) 2012 - 2014 ARM Ltd and ARM Germany GmbH. All rights reserved.
*** WARNING C280 IN LINE 152 OF D:\WorkSpace\MyCode\SILICON_WORKSPACE\GE_EFM8LB12F64E-B-QFN32_YJ\src\GE_EFM8LB12F64E-B-QFN32_YJ_main.c: 'data_count': unreferenced local variable

C51 COMPILATION COMPLETE.  1 WARNING(S),  0 ERROR(S)
Finished building: ../src/GE_EFM8LB12F64E-B-QFN32_YJ_main.c
 
Building target: GE_EFM8LB12F64E-B-QFN32_YJ.omf
Invoking: Keil 8051 Linker
LX51 "@GE_EFM8LB12F64E-B-QFN32_YJ.lnp" || test $? -lt 2

LX51 LINKER/LOCATER V4.66.30.0 - SN: K1RLC-A07Z5Z
COPYRIGHT ARM Germany GmbH 1995 - 2014
@GE_EFM8LB12F64E-B-QFN32_YJ.lnp "./src/GE_EFM8LB12F64E-B-QFN32_YJ_main.OBJ",
"./src/InitDevice.OBJ",
"./src/Interrupts.OBJ",
"./src/SILABS_STARTUP.OBJ",
"./src/uart_1.OBJ"
TO "GE_EFM8LB12F64E-B-QFN32_YJ.OMF.CRBUILD" REMOVEUNUSED PRINT(.\GE_EFM8LB12F64E-B-QFN32_YJ.m51) PAGEWIDTH (120) PAGELENGTH (65) CLASSES( ECODE(C:0x0 - C:0xfbfe), HCONST(C:0x0 - C:0xfbfe), XDATA(X:0x0 - X:0xfff), HDATA(X:0x0 - X:0xfff))

Program Size: data=15.5 xdata=350 const=0 code=3590
LX51 RUN COMPLETE.  0 WARNING(S),  0 ERROR(S)
Finished building target: GE_EFM8LB12F64E-B-QFN32_YJ.omf
17:33:04 **** Incremental Build of configuration Keil 8051 v9.53 - Debug for project GE_EFM8LB12F64E-B-QFN32_YJ ****
make all 
PATH=/c/SiliconLabs/SimplicityStudio/v4/developer/toolchains/keil_8051/9.53/BIN:/c/SiliconLabs/SimplicityStudio/v4/support/8051:/bin:/c/SiliconLabs/SimplicityStudio/v4/features/com.silabs.external.java.windows.x86.feature_1.8.0.92/jre/bin/client:/c/SiliconLabs/SimplicityStudio/v4/features/com.silabs.external.java.windows.x86.feature_1.8.0.92/jre/bin:/c/SiliconLabs/SimplicityStudio/v4/features/com.silabs.external.java.windows.x86.feature_1.8.0.92/jre/lib/i386:/c/Python27/Lib/site-packages/PyQt4:/c/Perl/site/bin:/c/Perl/bin:/c/Windows/system32:/c/Windows:/c/Windows/System32/Wbem:/c/Windows/System32/WindowsPowerShell/v1.0/:/c/Program Files/Intel/DMIX:/c/Program Files/ThinkPad/Bluetooth Software/:/c/Program Files/ThinkPad/Bluetooth Software/syswow64:/c/Program Files (x86)/Microchip/xc8/v1.42/bin:/c/Program Files (x86)/IDM Computer Solutions/UltraEdit:/c/Program Files (x86)/Microchip/xc32/v1.44/bin:/c/Program Files (x86)/Microsoft SQL Server/100/Tools/Binn/:/c/Program Files/Microsoft SQL Server/100/Tools/Binn/:/c/Program Files/Microsoft SQL Server/100/DTS/Binn/:/c/Python27:/c/Python27/Scripts:/c/altera/15.0/modelsim_ase/win32aloem:/c/Perl/bin:/c/SiliconLabs/SimplicityStudio/v4
 
Building file: ../src/GE_EFM8LB12F64E-B-QFN32_YJ_main.c
Invoking: Keil 8051 Compiler
C51 "@src/GE_EFM8LB12F64E-B-QFN32_YJ_main.__i" || test $? -lt 2

C51 COMPILER V9.53.0.0 - SN: K1RLC-A07Z5Z
COPYRIGHT Copyright (C) 2012 - 2014 ARM Ltd and ARM Germany GmbH. All rights reserved.
*** WARNING C280 IN LINE 154 OF D:\WorkSpace\MyCode\SILICON_WORKSPACE\GE_EFM8LB12F64E-B-QFN32_YJ\src\GE_EFM8LB12F64E-B-QFN32_YJ_main.c: 'data_count': unreferenced local variable

C51 COMPILATION COMPLETE.  1 WARNING(S),  0 ERROR(S)
Finished building: ../src/GE_EFM8LB12F64E-B-QFN32_YJ_main.c
 
Building target: GE_EFM8LB12F64E-B-QFN32_YJ.omf
Invoking: Keil 8051 Linker
LX51 "@GE_EFM8LB12F64E-B-QFN32_YJ.lnp" || test $? -lt 2

LX51 LINKER/LOCATER V4.66.30.0 - SN: K1RLC-A07Z5Z
COPYRIGHT ARM Germany GmbH 1995 - 2014
@GE_EFM8LB12F64E-B-QFN32_YJ.lnp "./src/GE_EFM8LB12F64E-B-QFN32_YJ_main.OBJ",
"./src/InitDevice.OBJ",
"./src/Interrupts.OBJ",
"./src/SILABS_STARTUP.OBJ",
"./src/uart_1.OBJ"
TO "GE_EFM8LB12F64E-B-QFN32_YJ.OMF.CRBUILD" REMOVEUNUSED PRINT(.\GE_EFM8LB12F64E-B-QFN32_YJ.m51) PAGEWIDTH (120) PAGELENGTH (65) CLASSES( ECODE(C:0x0 - C:0xfbfe), HCONST(C:0x0 - C:0xfbfe), XDATA(X:0x0 - X:0xfff), HDATA(X:0x0 - X:0xfff))

Program Size: data=15.5 xdata=350 const=0 code=3584
LX51 RUN COMPLETE.  0 WARNING(S),  0 ERROR(S)
Finished building target: GE_EFM8LB12F64E-B-QFN32_YJ.omf
17:35:49 **** Incremental Build of configuration Keil 8051 v9.53 - Debug for project GE_EFM8LB12F64E-B-QFN32_YJ ****
make all 
PATH=/c/SiliconLabs/SimplicityStudio/v4/developer/toolchains/keil_8051/9.53/BIN:/c/SiliconLabs/SimplicityStudio/v4/support/8051:/bin:/c/SiliconLabs/SimplicityStudio/v4/features/com.silabs.external.java.windows.x86.feature_1.8.0.92/jre/bin/client:/c/SiliconLabs/SimplicityStudio/v4/features/com.silabs.external.java.windows.x86.feature_1.8.0.92/jre/bin:/c/SiliconLabs/SimplicityStudio/v4/features/com.silabs.external.java.windows.x86.feature_1.8.0.92/jre/lib/i386:/c/Python27/Lib/site-packages/PyQt4:/c/Perl/site/bin:/c/Perl/bin:/c/Windows/system32:/c/Windows:/c/Windows/System32/Wbem:/c/Windows/System32/WindowsPowerShell/v1.0/:/c/Program Files/Intel/DMIX:/c/Program Files/ThinkPad/Bluetooth Software/:/c/Program Files/ThinkPad/Bluetooth Software/syswow64:/c/Program Files (x86)/Microchip/xc8/v1.42/bin:/c/Program Files (x86)/IDM Computer Solutions/UltraEdit:/c/Program Files (x86)/Microchip/xc32/v1.44/bin:/c/Program Files (x86)/Microsoft SQL Server/100/Tools/Binn/:/c/Program Files/Microsoft SQL Server/100/Tools/Binn/:/c/Program Files/Microsoft SQL Server/100/DTS/Binn/:/c/Python27:/c/Python27/Scripts:/c/altera/15.0/modelsim_ase/win32aloem:/c/Perl/bin:/c/SiliconLabs/SimplicityStudio/v4
 
Building file: ../src/GE_EFM8LB12F64E-B-QFN32_YJ_main.c
Invoking: Keil 8051 Compiler
C51 "@src/GE_EFM8LB12F64E-B-QFN32_YJ_main.__i" || test $? -lt 2

C51 COMPILER V9.53.0.0 - SN: K1RLC-A07Z5Z
COPYRIGHT Copyright (C) 2012 - 2014 ARM Ltd and ARM Germany GmbH. All rights reserved.
*** WARNING C280 IN LINE 154 OF D:\WorkSpace\MyCode\SILICON_WORKSPACE\GE_EFM8LB12F64E-B-QFN32_YJ\src\GE_EFM8LB12F64E-B-QFN32_YJ_main.c: 'data_count': unreferenced local variable

C51 COMPILATION COMPLETE.  1 WARNING(S),  0 ERROR(S)
Finished building: ../src/GE_EFM8LB12F64E-B-QFN32_YJ_main.c
 
Building target: GE_EFM8LB12F64E-B-QFN32_YJ.omf
Invoking: Keil 8051 Linker
LX51 "@GE_EFM8LB12F64E-B-QFN32_YJ.lnp" || test $? -lt 2

LX51 LINKER/LOCATER V4.66.30.0 - SN: K1RLC-A07Z5Z
COPYRIGHT ARM Germany GmbH 1995 - 2014
@GE_EFM8LB12F64E-B-QFN32_YJ.lnp "./src/GE_EFM8LB12F64E-B-QFN32_YJ_main.OBJ",
"./src/InitDevice.OBJ",
"./src/Interrupts.OBJ",
"./src/SILABS_STARTUP.OBJ",
"./src/uart_1.OBJ"
TO "GE_EFM8LB12F64E-B-QFN32_YJ.OMF.CRBUILD" REMOVEUNUSED PRINT(.\GE_EFM8LB12F64E-B-QFN32_YJ.m51) PAGEWIDTH (120) PAGELENGTH (65) CLASSES( ECODE(C:0x0 - C:0xfbfe), HCONST(C:0x0 - C:0xfbfe), XDATA(X:0x0 - X:0xfff), HDATA(X:0x0 - X:0xfff))

Program Size: data=15.5 xdata=350 const=0 code=3585
LX51 RUN COMPLETE.  0 WARNING(S),  0 ERROR(S)
Finished building target: GE_EFM8LB12F64E-B-QFN32_YJ.omf
17:41:57 **** Incremental Build of configuration Keil 8051 v9.53 - Debug for project GE_EFM8LB12F64E-B-QFN32_YJ ****
make all 
PATH=/c/SiliconLabs/SimplicityStudio/v4/developer/toolchains/keil_8051/9.53/BIN:/c/SiliconLabs/SimplicityStudio/v4/support/8051:/bin:/c/SiliconLabs/SimplicityStudio/v4/features/com.silabs.external.java.windows.x86.feature_1.8.0.92/jre/bin/client:/c/SiliconLabs/SimplicityStudio/v4/features/com.silabs.external.java.windows.x86.feature_1.8.0.92/jre/bin:/c/SiliconLabs/SimplicityStudio/v4/features/com.silabs.external.java.windows.x86.feature_1.8.0.92/jre/lib/i386:/c/Python27/Lib/site-packages/PyQt4:/c/Perl/site/bin:/c/Perl/bin:/c/Windows/system32:/c/Windows:/c/Windows/System32/Wbem:/c/Windows/System32/WindowsPowerShell/v1.0/:/c/Program Files/Intel/DMIX:/c/Program Files/ThinkPad/Bluetooth Software/:/c/Program Files/ThinkPad/Bluetooth Software/syswow64:/c/Program Files (x86)/Microchip/xc8/v1.42/bin:/c/Program Files (x86)/IDM Computer Solutions/UltraEdit:/c/Program Files (x86)/Microchip/xc32/v1.44/bin:/c/Program Files (x86)/Microsoft SQL Server/100/Tools/Binn/:/c/Program Files/Microsoft SQL Server/100/Tools/Binn/:/c/Program Files/Microsoft SQL Server/100/DTS/Binn/:/c/Python27:/c/Python27/Scripts:/c/altera/15.0/modelsim_ase/win32aloem:/c/Perl/bin:/c/SiliconLabs/SimplicityStudio/v4
 
Building file: ../src/GE_EFM8LB12F64E-B-QFN32_YJ_main.c
Invoking: Keil 8051 Compiler
C51 "@src/GE_EFM8LB12F64E-B-QFN32_YJ_main.__i" || test $? -lt 2

C51 COMPILER V9.53.0.0 - SN: K1RLC-A07Z5Z
COPYRIGHT Copyright (C) 2012 - 2014 ARM Ltd and ARM Germany GmbH. All rights reserved.
*** WARNING C280 IN LINE 154 OF D:\WorkSpace\MyCode\SILICON_WORKSPACE\GE_EFM8LB12F64E-B-QFN32_YJ\src\GE_EFM8LB12F64E-B-QFN32_YJ_main.c: 'data_count': unreferenced local variable

C51 COMPILATION COMPLETE.  1 WARNING(S),  0 ERROR(S)
Finished building: ../src/GE_EFM8LB12F64E-B-QFN32_YJ_main.c
 
Building target: GE_EFM8LB12F64E-B-QFN32_YJ.omf
Invoking: Keil 8051 Linker
LX51 "@GE_EFM8LB12F64E-B-QFN32_YJ.lnp" || test $? -lt 2

LX51 LINKER/LOCATER V4.66.30.0 - SN: K1RLC-A07Z5Z
COPYRIGHT ARM Germany GmbH 1995 - 2014
@GE_EFM8LB12F64E-B-QFN32_YJ.lnp "./src/GE_EFM8LB12F64E-B-QFN32_YJ_main.OBJ",
"./src/InitDevice.OBJ",
"./src/Interrupts.OBJ",
"./src/SILABS_STARTUP.OBJ",
"./src/uart_1.OBJ"
TO "GE_EFM8LB12F64E-B-QFN32_YJ.OMF.CRBUILD" REMOVEUNUSED PRINT(.\GE_EFM8LB12F64E-B-QFN32_YJ.m51) PAGEWIDTH (120) PAGELENGTH (65) CLASSES( ECODE(C:0x0 - C:0xfbfe), HCONST(C:0x0 - C:0xfbfe), XDATA(X:0x0 - X:0xfff), HDATA(X:0x0 - X:0xfff))

Program Size: data=15.5 xdata=350 const=0 code=3496
LX51 RUN COMPLETE.  0 WARNING(S),  0 ERROR(S)
Finished building target: GE_EFM8LB12F64E-B-QFN32_YJ.omf
17:42:16 **** Incremental Build of configuration Keil 8051 v9.53 - Debug for project GE_EFM8LB12F64E-B-QFN32_YJ ****
make all 
make: Nothing to be done for `all'.
17:42:35 **** Incremental Build of configuration Keil 8051 v9.53 - Debug for project GE_EFM8LB12F64E-B-QFN32_YJ ****
make all 
make: Nothing to be done for `all'.
17:55:06 **** Incremental Build of configuration Keil 8051 v9.53 - Debug for project GE_EFM8LB12F64E-B-QFN32_YJ ****
make all 
make: Nothing to be done for `all'.
17:56:11 **** Incremental Build of configuration Keil 8051 v9.53 - Debug for project GE_EFM8LB12F64E-B-QFN32_YJ ****
make all 
PATH=/c/SiliconLabs/SimplicityStudio/v4/developer/toolchains/keil_8051/9.53/BIN:/c/SiliconLabs/SimplicityStudio/v4/support/8051:/bin:/c/SiliconLabs/SimplicityStudio/v4/features/com.silabs.external.java.windows.x86.feature_1.8.0.92/jre/bin/client:/c/SiliconLabs/SimplicityStudio/v4/features/com.silabs.external.java.windows.x86.feature_1.8.0.92/jre/bin:/c/SiliconLabs/SimplicityStudio/v4/features/com.silabs.external.java.windows.x86.feature_1.8.0.92/jre/lib/i386:/c/Python27/Lib/site-packages/PyQt4:/c/Perl/site/bin:/c/Perl/bin:/c/Windows/system32:/c/Windows:/c/Windows/System32/Wbem:/c/Windows/System32/WindowsPowerShell/v1.0/:/c/Program Files/Intel/DMIX:/c/Program Files/ThinkPad/Bluetooth Software/:/c/Program Files/ThinkPad/Bluetooth Software/syswow64:/c/Program Files (x86)/Microchip/xc8/v1.42/bin:/c/Program Files (x86)/IDM Computer Solutions/UltraEdit:/c/Program Files (x86)/Microchip/xc32/v1.44/bin:/c/Program Files (x86)/Microsoft SQL Server/100/Tools/Binn/:/c/Program Files/Microsoft SQL Server/100/Tools/Binn/:/c/Program Files/Microsoft SQL Server/100/DTS/Binn/:/c/Python27:/c/Python27/Scripts:/c/altera/15.0/modelsim_ase/win32aloem:/c/Perl/bin:/c/SiliconLabs/SimplicityStudio/v4
 
Building file: ../src/GE_EFM8LB12F64E-B-QFN32_YJ_main.c
Invoking: Keil 8051 Compiler
C51 "@src/GE_EFM8LB12F64E-B-QFN32_YJ_main.__i" || test $? -lt 2

C51 COMPILER V9.53.0.0 - SN: K1RLC-A07Z5Z
COPYRIGHT Copyright (C) 2012 - 2014 ARM Ltd and ARM Germany GmbH. All rights reserved.
*** WARNING C280 IN LINE 154 OF D:\WorkSpace\MyCode\SILICON_WORKSPACE\GE_EFM8LB12F64E-B-QFN32_YJ\src\GE_EFM8LB12F64E-B-QFN32_YJ_main.c: 'data_count': unreferenced local variable

C51 COMPILATION COMPLETE.  1 WARNING(S),  0 ERROR(S)
Finished building: ../src/GE_EFM8LB12F64E-B-QFN32_YJ_main.c
 
Building target: GE_EFM8LB12F64E-B-QFN32_YJ.omf
Invoking: Keil 8051 Linker
LX51 "@GE_EFM8LB12F64E-B-QFN32_YJ.lnp" || test $? -lt 2

LX51 LINKER/LOCATER V4.66.30.0 - SN: K1RLC-A07Z5Z
COPYRIGHT ARM Germany GmbH 1995 - 2014
@GE_EFM8LB12F64E-B-QFN32_YJ.lnp "./src/GE_EFM8LB12F64E-B-QFN32_YJ_main.OBJ",
"./src/InitDevice.OBJ",
"./src/Interrupts.OBJ",
"./src/SILABS_STARTUP.OBJ",
"./src/uart_1.OBJ"
TO "GE_EFM8LB12F64E-B-QFN32_YJ.OMF.CRBUILD" REMOVEUNUSED PRINT(.\GE_EFM8LB12F64E-B-QFN32_YJ.m51) PAGEWIDTH (120) PAGELENGTH (65) CLASSES( ECODE(C:0x0 - C:0xfbfe), HCONST(C:0x0 - C:0xfbfe), XDATA(X:0x0 - X:0xfff), HDATA(X:0x0 - X:0xfff))

Program Size: data=15.5 xdata=350 const=0 code=3571
LX51 RUN COMPLETE.  0 WARNING(S),  0 ERROR(S)
Finished building target: GE_EFM8LB12F64E-B-QFN32_YJ.omf
17:58:51 **** Incremental Build of configuration Keil 8051 v9.53 - Debug for project GE_EFM8LB12F64E-B-QFN32_YJ ****
make all 
PATH=/c/SiliconLabs/SimplicityStudio/v4/developer/toolchains/keil_8051/9.53/BIN:/c/SiliconLabs/SimplicityStudio/v4/support/8051:/bin:/c/SiliconLabs/SimplicityStudio/v4/features/com.silabs.external.java.windows.x86.feature_1.8.0.92/jre/bin/client:/c/SiliconLabs/SimplicityStudio/v4/features/com.silabs.external.java.windows.x86.feature_1.8.0.92/jre/bin:/c/SiliconLabs/SimplicityStudio/v4/features/com.silabs.external.java.windows.x86.feature_1.8.0.92/jre/lib/i386:/c/Python27/Lib/site-packages/PyQt4:/c/Perl/site/bin:/c/Perl/bin:/c/Windows/system32:/c/Windows:/c/Windows/System32/Wbem:/c/Windows/System32/WindowsPowerShell/v1.0/:/c/Program Files/Intel/DMIX:/c/Program Files/ThinkPad/Bluetooth Software/:/c/Program Files/ThinkPad/Bluetooth Software/syswow64:/c/Program Files (x86)/Microchip/xc8/v1.42/bin:/c/Program Files (x86)/IDM Computer Solutions/UltraEdit:/c/Program Files (x86)/Microchip/xc32/v1.44/bin:/c/Program Files (x86)/Microsoft SQL Server/100/Tools/Binn/:/c/Program Files/Microsoft SQL Server/100/Tools/Binn/:/c/Program Files/Microsoft SQL Server/100/DTS/Binn/:/c/Python27:/c/Python27/Scripts:/c/altera/15.0/modelsim_ase/win32aloem:/c/Perl/bin:/c/SiliconLabs/SimplicityStudio/v4
 
Building file: ../src/GE_EFM8LB12F64E-B-QFN32_YJ_main.c
Invoking: Keil 8051 Compiler
C51 "@src/GE_EFM8LB12F64E-B-QFN32_YJ_main.__i" || test $? -lt 2

C51 COMPILER V9.53.0.0 - SN: K1RLC-A07Z5Z
COPYRIGHT Copyright (C) 2012 - 2014 ARM Ltd and ARM Germany GmbH. All rights reserved.
*** WARNING C280 IN LINE 154 OF D:\WorkSpace\MyCode\SILICON_WORKSPACE\GE_EFM8LB12F64E-B-QFN32_YJ\src\GE_EFM8LB12F64E-B-QFN32_YJ_main.c: 'data_count': unreferenced local variable

C51 COMPILATION COMPLETE.  1 WARNING(S),  0 ERROR(S)
Finished building: ../src/GE_EFM8LB12F64E-B-QFN32_YJ_main.c
 
Building target: GE_EFM8LB12F64E-B-QFN32_YJ.omf
Invoking: Keil 8051 Linker
LX51 "@GE_EFM8LB12F64E-B-QFN32_YJ.lnp" || test $? -lt 2

LX51 LINKER/LOCATER V4.66.30.0 - SN: K1RLC-A07Z5Z
COPYRIGHT ARM Germany GmbH 1995 - 2014
@GE_EFM8LB12F64E-B-QFN32_YJ.lnp "./src/GE_EFM8LB12F64E-B-QFN32_YJ_main.OBJ",
"./src/InitDevice.OBJ",
"./src/Interrupts.OBJ",
"./src/SILABS_STARTUP.OBJ",
"./src/uart_1.OBJ"
TO "GE_EFM8LB12F64E-B-QFN32_YJ.OMF.CRBUILD" REMOVEUNUSED PRINT(.\GE_EFM8LB12F64E-B-QFN32_YJ.m51) PAGEWIDTH (120) PAGELENGTH (65) CLASSES( ECODE(C:0x0 - C:0xfbfe), HCONST(C:0x0 - C:0xfbfe), XDATA(X:0x0 - X:0xfff), HDATA(X:0x0 - X:0xfff))

Program Size: data=15.5 xdata=350 const=0 code=3585
LX51 RUN COMPLETE.  0 WARNING(S),  0 ERROR(S)
Finished building target: GE_EFM8LB12F64E-B-QFN32_YJ.omf
18:10:03 **** Incremental Build of configuration Keil 8051 v9.53 - Debug for project GE_EFM8LB12F64E-B-QFN32_YJ ****
make all 
PATH=/c/SiliconLabs/SimplicityStudio/v4/developer/toolchains/keil_8051/9.53/BIN:/c/SiliconLabs/SimplicityStudio/v4/support/8051:/bin:/c/SiliconLabs/SimplicityStudio/v4/features/com.silabs.external.java.windows.x86.feature_1.8.0.92/jre/bin/client:/c/SiliconLabs/SimplicityStudio/v4/features/com.silabs.external.java.windows.x86.feature_1.8.0.92/jre/bin:/c/SiliconLabs/SimplicityStudio/v4/features/com.silabs.external.java.windows.x86.feature_1.8.0.92/jre/lib/i386:/c/Python27/Lib/site-packages/PyQt4:/c/Perl/site/bin:/c/Perl/bin:/c/Windows/system32:/c/Windows:/c/Windows/System32/Wbem:/c/Windows/System32/WindowsPowerShell/v1.0/:/c/Program Files/Intel/DMIX:/c/Program Files/ThinkPad/Bluetooth Software/:/c/Program Files/ThinkPad/Bluetooth Software/syswow64:/c/Program Files (x86)/Microchip/xc8/v1.42/bin:/c/Program Files (x86)/IDM Computer Solutions/UltraEdit:/c/Program Files (x86)/Microchip/xc32/v1.44/bin:/c/Program Files (x86)/Microsoft SQL Server/100/Tools/Binn/:/c/Program Files/Microsoft SQL Server/100/Tools/Binn/:/c/Program Files/Microsoft SQL Server/100/DTS/Binn/:/c/Python27:/c/Python27/Scripts:/c/altera/15.0/modelsim_ase/win32aloem:/c/Perl/bin:/c/SiliconLabs/SimplicityStudio/v4
 
Building file: ../src/GE_EFM8LB12F64E-B-QFN32_YJ_main.c
Invoking: Keil 8051 Compiler
C51 "@src/GE_EFM8LB12F64E-B-QFN32_YJ_main.__i" || test $? -lt 2

C51 COMPILER V9.53.0.0 - SN: K1RLC-A07Z5Z
COPYRIGHT Copyright (C) 2012 - 2014 ARM Ltd and ARM Germany GmbH. All rights reserved.
*** WARNING C280 IN LINE 154 OF D:\WorkSpace\MyCode\SILICON_WORKSPACE\GE_EFM8LB12F64E-B-QFN32_YJ\src\GE_EFM8LB12F64E-B-QFN32_YJ_main.c: 'data_count': unreferenced local variable

C51 COMPILATION COMPLETE.  1 WARNING(S),  0 ERROR(S)
Finished building: ../src/GE_EFM8LB12F64E-B-QFN32_YJ_main.c
 
Building file: ../src/Interrupts.c
Invoking: Keil 8051 Compiler
C51 "@src/Interrupts.__i" || test $? -lt 2

C51 COMPILER V9.53.0.0 - SN: K1RLC-A07Z5Z
COPYRIGHT Copyright (C) 2012 - 2014 ARM Ltd and ARM Germany GmbH. All rights reserved.

C51 COMPILATION COMPLETE.  0 WARNING(S),  0 ERROR(S)
Finished building: ../src/Interrupts.c
 
Building target: GE_EFM8LB12F64E-B-QFN32_YJ.omf
Invoking: Keil 8051 Linker
LX51 "@GE_EFM8LB12F64E-B-QFN32_YJ.lnp" || test $? -lt 2

LX51 LINKER/LOCATER V4.66.30.0 - SN: K1RLC-A07Z5Z
COPYRIGHT ARM Germany GmbH 1995 - 2014
@GE_EFM8LB12F64E-B-QFN32_YJ.lnp "./src/GE_EFM8LB12F64E-B-QFN32_YJ_main.OBJ",
"./src/InitDevice.OBJ",
"./src/Interrupts.OBJ",
"./src/SILABS_STARTUP.OBJ",
"./src/uart_1.OBJ"
TO "GE_EFM8LB12F64E-B-QFN32_YJ.OMF.CRBUILD" REMOVEUNUSED PRINT(.\GE_EFM8LB12F64E-B-QFN32_YJ.m51) PAGEWIDTH (120) PAGELENGTH (65) CLASSES( ECODE(C:0x0 - C:0xfbfe), HCONST(C:0x0 - C:0xfbfe), XDATA(X:0x0 - X:0xfff), HDATA(X:0x0 - X:0xfff))

Program Size: data=15.5 xdata=350 const=0 code=3585
LX51 RUN COMPLETE.  0 WARNING(S),  0 ERROR(S)
Finished building target: GE_EFM8LB12F64E-B-QFN32_YJ.omf
18:30:24 **** Incremental Build of configuration Keil 8051 v9.53 - Debug for project GE_EFM8LB12F64E-B-QFN32_YJ ****
make all 
PATH=/c/SiliconLabs/SimplicityStudio/v4/developer/toolchains/keil_8051/9.53/BIN:/c/SiliconLabs/SimplicityStudio/v4/support/8051:/bin:/c/SiliconLabs/SimplicityStudio/v4/features/com.silabs.external.java.windows.x86.feature_1.8.0.92/jre/bin/client:/c/SiliconLabs/SimplicityStudio/v4/features/com.silabs.external.java.windows.x86.feature_1.8.0.92/jre/bin:/c/SiliconLabs/SimplicityStudio/v4/features/com.silabs.external.java.windows.x86.feature_1.8.0.92/jre/lib/i386:/c/Python27/Lib/site-packages/PyQt4:/c/Perl/site/bin:/c/Perl/bin:/c/Windows/system32:/c/Windows:/c/Windows/System32/Wbem:/c/Windows/System32/WindowsPowerShell/v1.0/:/c/Program Files/Intel/DMIX:/c/Program Files/ThinkPad/Bluetooth Software/:/c/Program Files/ThinkPad/Bluetooth Software/syswow64:/c/Program Files (x86)/Microchip/xc8/v1.42/bin:/c/Program Files (x86)/IDM Computer Solutions/UltraEdit:/c/Program Files (x86)/Microchip/xc32/v1.44/bin:/c/Program Files (x86)/Microsoft SQL Server/100/Tools/Binn/:/c/Program Files/Microsoft SQL Server/100/Tools/Binn/:/c/Program Files/Microsoft SQL Server/100/DTS/Binn/:/c/Python27:/c/Python27/Scripts:/c/altera/15.0/modelsim_ase/win32aloem:/c/Perl/bin:/c/SiliconLabs/SimplicityStudio/v4
 
Building file: ../src/GE_EFM8LB12F64E-B-QFN32_YJ_main.c
Invoking: Keil 8051 Compiler
C51 "@src/GE_EFM8LB12F64E-B-QFN32_YJ_main.__i" || test $? -lt 2

C51 COMPILER V9.53.0.0 - SN: K1RLC-A07Z5Z
COPYRIGHT Copyright (C) 2012 - 2014 ARM Ltd and ARM Germany GmbH. All rights reserved.
*** WARNING C280 IN LINE 154 OF D:\WorkSpace\MyCode\SILICON_WORKSPACE\GE_EFM8LB12F64E-B-QFN32_YJ\src\GE_EFM8LB12F64E-B-QFN32_YJ_main.c: 'data_count': unreferenced local variable

C51 COMPILATION COMPLETE.  1 WARNING(S),  0 ERROR(S)
Finished building: ../src/GE_EFM8LB12F64E-B-QFN32_YJ_main.c
 
Building target: GE_EFM8LB12F64E-B-QFN32_YJ.omf
Invoking: Keil 8051 Linker
LX51 "@GE_EFM8LB12F64E-B-QFN32_YJ.lnp" || test $? -lt 2

LX51 LINKER/LOCATER V4.66.30.0 - SN: K1RLC-A07Z5Z
COPYRIGHT ARM Germany GmbH 1995 - 2014
@GE_EFM8LB12F64E-B-QFN32_YJ.lnp "./src/GE_EFM8LB12F64E-B-QFN32_YJ_main.OBJ",
"./src/InitDevice.OBJ",
"./src/Interrupts.OBJ",
"./src/SILABS_STARTUP.OBJ",
"./src/uart_1.OBJ"
TO "GE_EFM8LB12F64E-B-QFN32_YJ.OMF.CRBUILD" REMOVEUNUSED PRINT(.\GE_EFM8LB12F64E-B-QFN32_YJ.m51) PAGEWIDTH (120) PAGELENGTH (65) CLASSES( ECODE(C:0x0 - C:0xfbfe), HCONST(C:0x0 - C:0xfbfe), XDATA(X:0x0 - X:0xfff), HDATA(X:0x0 - X:0xfff))

Program Size: data=15.5 xdata=350 const=0 code=3585
LX51 RUN COMPLETE.  0 WARNING(S),  0 ERROR(S)
Finished building target: GE_EFM8LB12F64E-B-QFN32_YJ.omf
18:38:31 **** Incremental Build of configuration Keil 8051 v9.53 - Debug for project GE_EFM8LB12F64E-B-QFN32_YJ ****
make all 
PATH=/c/SiliconLabs/SimplicityStudio/v4/developer/toolchains/keil_8051/9.53/BIN:/c/SiliconLabs/SimplicityStudio/v4/support/8051:/bin:/c/SiliconLabs/SimplicityStudio/v4/features/com.silabs.external.java.windows.x86.feature_1.8.0.92/jre/bin/client:/c/SiliconLabs/SimplicityStudio/v4/features/com.silabs.external.java.windows.x86.feature_1.8.0.92/jre/bin:/c/SiliconLabs/SimplicityStudio/v4/features/com.silabs.external.java.windows.x86.feature_1.8.0.92/jre/lib/i386:/c/Python27/Lib/site-packages/PyQt4:/c/Perl/site/bin:/c/Perl/bin:/c/Windows/system32:/c/Windows:/c/Windows/System32/Wbem:/c/Windows/System32/WindowsPowerShell/v1.0/:/c/Program Files/Intel/DMIX:/c/Program Files/ThinkPad/Bluetooth Software/:/c/Program Files/ThinkPad/Bluetooth Software/syswow64:/c/Program Files (x86)/Microchip/xc8/v1.42/bin:/c/Program Files (x86)/IDM Computer Solutions/UltraEdit:/c/Program Files (x86)/Microchip/xc32/v1.44/bin:/c/Program Files (x86)/Microsoft SQL Server/100/Tools/Binn/:/c/Program Files/Microsoft SQL Server/100/Tools/Binn/:/c/Program Files/Microsoft SQL Server/100/DTS/Binn/:/c/Python27:/c/Python27/Scripts:/c/altera/15.0/modelsim_ase/win32aloem:/c/Perl/bin:/c/SiliconLabs/SimplicityStudio/v4
 
Building file: ../src/GE_EFM8LB12F64E-B-QFN32_YJ_main.c
Invoking: Keil 8051 Compiler
C51 "@src/GE_EFM8LB12F64E-B-QFN32_YJ_main.__i" || test $? -lt 2

C51 COMPILER V9.53.0.0 - SN: K1RLC-A07Z5Z
COPYRIGHT Copyright (C) 2012 - 2014 ARM Ltd and ARM Germany GmbH. All rights reserved.
*** WARNING C280 IN LINE 151 OF D:\WorkSpace\MyCode\SILICON_WORKSPACE\GE_EFM8LB12F64E-B-QFN32_YJ\src\GE_EFM8LB12F64E-B-QFN32_YJ_main.c: 'data_count': unreferenced local variable

C51 COMPILATION COMPLETE.  1 WARNING(S),  0 ERROR(S)
Finished building: ../src/GE_EFM8LB12F64E-B-QFN32_YJ_main.c
 
Building target: GE_EFM8LB12F64E-B-QFN32_YJ.omf
Invoking: Keil 8051 Linker
LX51 "@GE_EFM8LB12F64E-B-QFN32_YJ.lnp" || test $? -lt 2

LX51 LINKER/LOCATER V4.66.30.0 - SN: K1RLC-A07Z5Z
COPYRIGHT ARM Germany GmbH 1995 - 2014
@GE_EFM8LB12F64E-B-QFN32_YJ.lnp "./src/GE_EFM8LB12F64E-B-QFN32_YJ_main.OBJ",
"./src/InitDevice.OBJ",
"./src/Interrupts.OBJ",
"./src/SILABS_STARTUP.OBJ",
"./src/uart_1.OBJ"
TO "GE_EFM8LB12F64E-B-QFN32_YJ.OMF.CRBUILD" REMOVEUNUSED PRINT(.\GE_EFM8LB12F64E-B-QFN32_YJ.m51) PAGEWIDTH (120) PAGELENGTH (65) CLASSES( ECODE(C:0x0 - C:0xfbfe), HCONST(C:0x0 - C:0xfbfe), XDATA(X:0x0 - X:0xfff), HDATA(X:0x0 - X:0xfff))

Program Size: data=15.5 xdata=350 const=0 code=3379
LX51 RUN COMPLETE.  0 WARNING(S),  0 ERROR(S)
Finished building target: GE_EFM8LB12F64E-B-QFN32_YJ.omf
18:39:25 **** Incremental Build of configuration Keil 8051 v9.53 - Debug for project GE_EFM8LB12F64E-B-QFN32_YJ ****
make all 
PATH=/c/SiliconLabs/SimplicityStudio/v4/developer/toolchains/keil_8051/9.53/BIN:/c/SiliconLabs/SimplicityStudio/v4/support/8051:/bin:/c/SiliconLabs/SimplicityStudio/v4/features/com.silabs.external.java.windows.x86.feature_1.8.0.92/jre/bin/client:/c/SiliconLabs/SimplicityStudio/v4/features/com.silabs.external.java.windows.x86.feature_1.8.0.92/jre/bin:/c/SiliconLabs/SimplicityStudio/v4/features/com.silabs.external.java.windows.x86.feature_1.8.0.92/jre/lib/i386:/c/Python27/Lib/site-packages/PyQt4:/c/Perl/site/bin:/c/Perl/bin:/c/Windows/system32:/c/Windows:/c/Windows/System32/Wbem:/c/Windows/System32/WindowsPowerShell/v1.0/:/c/Program Files/Intel/DMIX:/c/Program Files/ThinkPad/Bluetooth Software/:/c/Program Files/ThinkPad/Bluetooth Software/syswow64:/c/Program Files (x86)/Microchip/xc8/v1.42/bin:/c/Program Files (x86)/IDM Computer Solutions/UltraEdit:/c/Program Files (x86)/Microchip/xc32/v1.44/bin:/c/Program Files (x86)/Microsoft SQL Server/100/Tools/Binn/:/c/Program Files/Microsoft SQL Server/100/Tools/Binn/:/c/Program Files/Microsoft SQL Server/100/DTS/Binn/:/c/Python27:/c/Python27/Scripts:/c/altera/15.0/modelsim_ase/win32aloem:/c/Perl/bin:/c/SiliconLabs/SimplicityStudio/v4
 
Building file: ../src/GE_EFM8LB12F64E-B-QFN32_YJ_main.c
Invoking: Keil 8051 Compiler
C51 "@src/GE_EFM8LB12F64E-B-QFN32_YJ_main.__i" || test $? -lt 2

C51 COMPILER V9.53.0.0 - SN: K1RLC-A07Z5Z
COPYRIGHT Copyright (C) 2012 - 2014 ARM Ltd and ARM Germany GmbH. All rights reserved.
*** WARNING C280 IN LINE 151 OF D:\WorkSpace\MyCode\SILICON_WORKSPACE\GE_EFM8LB12F64E-B-QFN32_YJ\src\GE_EFM8LB12F64E-B-QFN32_YJ_main.c: 'data_count': unreferenced local variable

C51 COMPILATION COMPLETE.  1 WARNING(S),  0 ERROR(S)
Finished building: ../src/GE_EFM8LB12F64E-B-QFN32_YJ_main.c
 
Building target: GE_EFM8LB12F64E-B-QFN32_YJ.omf
Invoking: Keil 8051 Linker
LX51 "@GE_EFM8LB12F64E-B-QFN32_YJ.lnp" || test $? -lt 2

LX51 LINKER/LOCATER V4.66.30.0 - SN: K1RLC-A07Z5Z
COPYRIGHT ARM Germany GmbH 1995 - 2014
@GE_EFM8LB12F64E-B-QFN32_YJ.lnp "./src/GE_EFM8LB12F64E-B-QFN32_YJ_main.OBJ",
"./src/InitDevice.OBJ",
"./src/Interrupts.OBJ",
"./src/SILABS_STARTUP.OBJ",
"./src/uart_1.OBJ"
TO "GE_EFM8LB12F64E-B-QFN32_YJ.OMF.CRBUILD" REMOVEUNUSED PRINT(.\GE_EFM8LB12F64E-B-QFN32_YJ.m51) PAGEWIDTH (120) PAGELENGTH (65) CLASSES( ECODE(C:0x0 - C:0xfbfe), HCONST(C:0x0 - C:0xfbfe), XDATA(X:0x0 - X:0xfff), HDATA(X:0x0 - X:0xfff))

Program Size: data=15.5 xdata=350 const=0 code=3450
LX51 RUN COMPLETE.  0 WARNING(S),  0 ERROR(S)
Finished building target: GE_EFM8LB12F64E-B-QFN32_YJ.omf
18:52:10 **** Incremental Build of configuration Keil 8051 v9.53 - Debug for project GE_EFM8LB12F64E-B-QFN32_YJ ****
make all 
PATH=/c/SiliconLabs/SimplicityStudio/v4/developer/toolchains/keil_8051/9.53/BIN:/c/SiliconLabs/SimplicityStudio/v4/support/8051:/bin:/c/SiliconLabs/SimplicityStudio/v4/features/com.silabs.external.java.windows.x86.feature_1.8.0.92/jre/bin/client:/c/SiliconLabs/SimplicityStudio/v4/features/com.silabs.external.java.windows.x86.feature_1.8.0.92/jre/bin:/c/SiliconLabs/SimplicityStudio/v4/features/com.silabs.external.java.windows.x86.feature_1.8.0.92/jre/lib/i386:/c/Python27/Lib/site-packages/PyQt4:/c/Perl/site/bin:/c/Perl/bin:/c/Windows/system32:/c/Windows:/c/Windows/System32/Wbem:/c/Windows/System32/WindowsPowerShell/v1.0/:/c/Program Files/Intel/DMIX:/c/Program Files/ThinkPad/Bluetooth Software/:/c/Program Files/ThinkPad/Bluetooth Software/syswow64:/c/Program Files (x86)/Microchip/xc8/v1.42/bin:/c/Program Files (x86)/IDM Computer Solutions/UltraEdit:/c/Program Files (x86)/Microchip/xc32/v1.44/bin:/c/Program Files (x86)/Microsoft SQL Server/100/Tools/Binn/:/c/Program Files/Microsoft SQL Server/100/Tools/Binn/:/c/Program Files/Microsoft SQL Server/100/DTS/Binn/:/c/Python27:/c/Python27/Scripts:/c/altera/15.0/modelsim_ase/win32aloem:/c/Perl/bin:/c/SiliconLabs/SimplicityStudio/v4
 
Building file: ../src/GE_EFM8LB12F64E-B-QFN32_YJ_main.c
Invoking: Keil 8051 Compiler
C51 "@src/GE_EFM8LB12F64E-B-QFN32_YJ_main.__i" || test $? -lt 2

C51 COMPILER V9.53.0.0 - SN: K1RLC-A07Z5Z
COPYRIGHT Copyright (C) 2012 - 2014 ARM Ltd and ARM Germany GmbH. All rights reserved.
*** WARNING C280 IN LINE 151 OF D:\WorkSpace\MyCode\SILICON_WORKSPACE\GE_EFM8LB12F64E-B-QFN32_YJ\src\GE_EFM8LB12F64E-B-QFN32_YJ_main.c: 'data_count': unreferenced local variable

C51 COMPILATION COMPLETE.  1 WARNING(S),  0 ERROR(S)
Finished building: ../src/GE_EFM8LB12F64E-B-QFN32_YJ_main.c
 
Building target: GE_EFM8LB12F64E-B-QFN32_YJ.omf
Invoking: Keil 8051 Linker
LX51 "@GE_EFM8LB12F64E-B-QFN32_YJ.lnp" || test $? -lt 2

LX51 LINKER/LOCATER V4.66.30.0 - SN: K1RLC-A07Z5Z
COPYRIGHT ARM Germany GmbH 1995 - 2014
@GE_EFM8LB12F64E-B-QFN32_YJ.lnp "./src/GE_EFM8LB12F64E-B-QFN32_YJ_main.OBJ",
"./src/InitDevice.OBJ",
"./src/Interrupts.OBJ",
"./src/SILABS_STARTUP.OBJ",
"./src/uart_1.OBJ"
TO "GE_EFM8LB12F64E-B-QFN32_YJ.OMF.CRBUILD" REMOVEUNUSED PRINT(.\GE_EFM8LB12F64E-B-QFN32_YJ.m51) PAGEWIDTH (120) PAGELENGTH (65) CLASSES( ECODE(C:0x0 - C:0xfbfe), HCONST(C:0x0 - C:0xfbfe), XDATA(X:0x0 - X:0xfff), HDATA(X:0x0 - X:0xfff))

Program Size: data=15.5 xdata=350 const=0 code=3351
LX51 RUN COMPLETE.  0 WARNING(S),  0 ERROR(S)
Finished building target: GE_EFM8LB12F64E-B-QFN32_YJ.omf
19:00:59 **** Incremental Build of configuration Keil 8051 v9.53 - Debug for project GE_EFM8LB12F64E-B-QFN32_YJ ****
make all 
PATH=/c/SiliconLabs/SimplicityStudio/v4/developer/toolchains/keil_8051/9.53/BIN:/c/SiliconLabs/SimplicityStudio/v4/support/8051:/bin:/c/SiliconLabs/SimplicityStudio/v4/features/com.silabs.external.java.windows.x86.feature_1.8.0.92/jre/bin/client:/c/SiliconLabs/SimplicityStudio/v4/features/com.silabs.external.java.windows.x86.feature_1.8.0.92/jre/bin:/c/SiliconLabs/SimplicityStudio/v4/features/com.silabs.external.java.windows.x86.feature_1.8.0.92/jre/lib/i386:/c/Python27/Lib/site-packages/PyQt4:/c/Perl/site/bin:/c/Perl/bin:/c/Windows/system32:/c/Windows:/c/Windows/System32/Wbem:/c/Windows/System32/WindowsPowerShell/v1.0/:/c/Program Files/Intel/DMIX:/c/Program Files/ThinkPad/Bluetooth Software/:/c/Program Files/ThinkPad/Bluetooth Software/syswow64:/c/Program Files (x86)/Microchip/xc8/v1.42/bin:/c/Program Files (x86)/IDM Computer Solutions/UltraEdit:/c/Program Files (x86)/Microchip/xc32/v1.44/bin:/c/Program Files (x86)/Microsoft SQL Server/100/Tools/Binn/:/c/Program Files/Microsoft SQL Server/100/Tools/Binn/:/c/Program Files/Microsoft SQL Server/100/DTS/Binn/:/c/Python27:/c/Python27/Scripts:/c/altera/15.0/modelsim_ase/win32aloem:/c/Perl/bin:/c/SiliconLabs/SimplicityStudio/v4
 
Building file: ../src/GE_EFM8LB12F64E-B-QFN32_YJ_main.c
Invoking: Keil 8051 Compiler
C51 "@src/GE_EFM8LB12F64E-B-QFN32_YJ_main.__i" || test $? -lt 2

C51 COMPILER V9.53.0.0 - SN: K1RLC-A07Z5Z
COPYRIGHT Copyright (C) 2012 - 2014 ARM Ltd and ARM Germany GmbH. All rights reserved.
*** WARNING C280 IN LINE 151 OF D:\WorkSpace\MyCode\SILICON_WORKSPACE\GE_EFM8LB12F64E-B-QFN32_YJ\src\GE_EFM8LB12F64E-B-QFN32_YJ_main.c: 'data_count': unreferenced local variable

C51 COMPILATION COMPLETE.  1 WARNING(S),  0 ERROR(S)
Finished building: ../src/GE_EFM8LB12F64E-B-QFN32_YJ_main.c
 
Building target: GE_EFM8LB12F64E-B-QFN32_YJ.omf
Invoking: Keil 8051 Linker
LX51 "@GE_EFM8LB12F64E-B-QFN32_YJ.lnp" || test $? -lt 2

LX51 LINKER/LOCATER V4.66.30.0 - SN: K1RLC-A07Z5Z
COPYRIGHT ARM Germany GmbH 1995 - 2014
@GE_EFM8LB12F64E-B-QFN32_YJ.lnp "./src/GE_EFM8LB12F64E-B-QFN32_YJ_main.OBJ",
"./src/InitDevice.OBJ",
"./src/Interrupts.OBJ",
"./src/SILABS_STARTUP.OBJ",
"./src/uart_1.OBJ"
TO "GE_EFM8LB12F64E-B-QFN32_YJ.OMF.CRBUILD" REMOVEUNUSED PRINT(.\GE_EFM8LB12F64E-B-QFN32_YJ.m51) PAGEWIDTH (120) PAGELENGTH (65) CLASSES( ECODE(C:0x0 - C:0xfbfe), HCONST(C:0x0 - C:0xfbfe), XDATA(X:0x0 - X:0xfff), HDATA(X:0x0 - X:0xfff))

Program Size: data=15.5 xdata=350 const=0 code=3379
LX51 RUN COMPLETE.  0 WARNING(S),  0 ERROR(S)
Finished building target: GE_EFM8LB12F64E-B-QFN32_YJ.omf
10:12:04 **** Incremental Build of configuration Keil 8051 v9.53 - Debug for project GE_EFM8LB12F64E-B-QFN32_YJ ****
make all 
make: Nothing to be done for `all'.
10:12:39 **** Incremental Build of configuration Keil 8051 v9.53 - Debug for project GE_EFM8LB12F64E-B-QFN32_YJ ****
make all 
PATH=/c/SiliconLabs/SimplicityStudio/v4/developer/toolchains/keil_8051/9.53/BIN:/c/SiliconLabs/SimplicityStudio/v4/support/8051:/bin:/c/SiliconLabs/SimplicityStudio/v4/features/com.silabs.external.java.windows.x86.feature_1.8.0.92/jre/bin/client:/c/SiliconLabs/SimplicityStudio/v4/features/com.silabs.external.java.windows.x86.feature_1.8.0.92/jre/bin:/c/SiliconLabs/SimplicityStudio/v4/features/com.silabs.external.java.windows.x86.feature_1.8.0.92/jre/lib/i386:/c/Python27/Lib/site-packages/PyQt4:/c/Perl/site/bin:/c/Perl/bin:/c/Windows/system32:/c/Windows:/c/Windows/System32/Wbem:/c/Windows/System32/WindowsPowerShell/v1.0/:/c/Program Files/Intel/DMIX:/c/Program Files/ThinkPad/Bluetooth Software/:/c/Program Files/ThinkPad/Bluetooth Software/syswow64:/c/Program Files (x86)/Microchip/xc8/v1.42/bin:/c/Program Files (x86)/IDM Computer Solutions/UltraEdit:/c/Program Files (x86)/Microchip/xc32/v1.44/bin:/c/Program Files (x86)/Microsoft SQL Server/100/Tools/Binn/:/c/Program Files/Microsoft SQL Server/100/Tools/Binn/:/c/Program Files/Microsoft SQL Server/100/DTS/Binn/:/c/Python27:/c/Python27/Scripts:/c/altera/15.0/modelsim_ase/win32aloem:/c/Perl/bin:/c/SiliconLabs/SimplicityStudio/v4
 
Building file: ../src/GE_EFM8LB12F64E-B-QFN32_YJ_main.c
Invoking: Keil 8051 Compiler
C51 "@src/GE_EFM8LB12F64E-B-QFN32_YJ_main.__i" || test $? -lt 2

C51 COMPILER V9.53.0.0 - SN: K1RLC-A07Z5Z
COPYRIGHT Copyright (C) 2012 - 2014 ARM Ltd and ARM Germany GmbH. All rights reserved.
*** WARNING C280 IN LINE 151 OF D:\WorkSpace\MyCode\SILICON_WORKSPACE\GE_EFM8LB12F64E-B-QFN32_YJ\src\GE_EFM8LB12F64E-B-QFN32_YJ_main.c: 'data_count': unreferenced local variable

C51 COMPILATION COMPLETE.  1 WARNING(S),  0 ERROR(S)
Finished building: ../src/GE_EFM8LB12F64E-B-QFN32_YJ_main.c
 
Building target: GE_EFM8LB12F64E-B-QFN32_YJ.omf
Invoking: Keil 8051 Linker
LX51 "@GE_EFM8LB12F64E-B-QFN32_YJ.lnp" || test $? -lt 2

LX51 LINKER/LOCATER V4.66.30.0 - SN: K1RLC-A07Z5Z
COPYRIGHT ARM Germany GmbH 1995 - 2014
@GE_EFM8LB12F64E-B-QFN32_YJ.lnp "./src/GE_EFM8LB12F64E-B-QFN32_YJ_main.OBJ",
"./src/InitDevice.OBJ",
"./src/Interrupts.OBJ",
"./src/SILABS_STARTUP.OBJ",
"./src/uart_1.OBJ"
TO "GE_EFM8LB12F64E-B-QFN32_YJ.OMF.CRBUILD" REMOVEUNUSED PRINT(.\GE_EFM8LB12F64E-B-QFN32_YJ.m51) PAGEWIDTH (120) PAGELENGTH (65) CLASSES( ECODE(C:0x0 - C:0xfbfe), HCONST(C:0x0 - C:0xfbfe), XDATA(X:0x0 - X:0xfff), HDATA(X:0x0 - X:0xfff))

Program Size: data=15.5 xdata=350 const=0 code=3585
LX51 RUN COMPLETE.  0 WARNING(S),  0 ERROR(S)
Finished building target: GE_EFM8LB12F64E-B-QFN32_YJ.omf
